<!DOCTYPE html>
<html>
<head>
<meta http-equiv="Content-Type" content="text/html; charset=utf-8"/>
<meta http-equiv="x-ua-compatible" content="IE=edge"/>
<title>Test results - SearchTests</title>
<link href="../css/base-style.css" rel="stylesheet" type="text/css"/>
<link href="../css/style.css" rel="stylesheet" type="text/css"/>
<script src="../js/report.js" type="text/javascript"></script>
</head>
<body>
<div id="content">
<h1>SearchTests</h1>
<div class="breadcrumbs">
<a href="../index.html">all</a> &gt; 
<a href="../packages/tests.html">tests</a> &gt; SearchTests</div>
<div id="summary">
<table>
<tr>
<td>
<div class="summaryGroup">
<table>
<tr>
<td>
<div class="infoBox" id="tests">
<div class="counter">3</div>
<p>tests</p>
</div>
</td>
<td>
<div class="infoBox" id="failures">
<div class="counter">1</div>
<p>failures</p>
</div>
</td>
<td>
<div class="infoBox" id="ignored">
<div class="counter">0</div>
<p>ignored</p>
</div>
</td>
<td>
<div class="infoBox" id="duration">
<div class="counter">2m28.22s</div>
<p>duration</p>
</div>
</td>
</tr>
</table>
</div>
</td>
<td>
<div class="infoBox failures" id="successRate">
<div class="percent">66%</div>
<p>successful</p>
</div>
</td>
</tr>
</table>
</div>
<div id="tabs">
<ul class="tabLinks">
<li>
<a href="#tab0">Failed tests</a>
</li>
<li>
<a href="#tab1">Tests</a>
</li>
<li>
<a href="#tab2">Standard output</a>
</li>
<li>
<a href="#tab3">Standard error</a>
</li>
</ul>
<div id="tab0" class="tab">
<h2>Failed tests</h2>
<div class="test">
<a name="checkInsertNumberPage()"></a>
<h3 class="failures">checkInsertNumberPage()</h3>
<span class="code">
<pre>java.lang.IllegalArgumentException: Illegal base64 character a
	at java.base/java.util.Base64$Decoder.decode0(Base64.java:847)
	at java.base/java.util.Base64$Decoder.decode(Base64.java:566)
	at java.base/java.util.Base64$Decoder.decode(Base64.java:589)
	at org.openqa.selenium.OutputType$2.convertFromBase64Png(OutputType.java:58)
	at org.openqa.selenium.OutputType$2.convertFromBase64Png(OutputType.java:55)
	at org.openqa.selenium.remote.RemoteWebDriver.getScreenshotAs(RemoteWebDriver.java:322)
	at com.codeborne.selenide.impl.WebdriverPhotographer.takeScreenshot(WebdriverPhotographer.java:19)
	at com.codeborne.selenide.impl.ScreenShotLaboratory.savePageImageToFile(ScreenShotLaboratory.java:285)
	at com.codeborne.selenide.impl.ScreenShotLaboratory.takeScreenShot(ScreenShotLaboratory.java:134)
	at com.codeborne.selenide.impl.ScreenShotLaboratory.lambda$takeScreenshot$15(ScreenShotLaboratory.java:440)
	at com.codeborne.selenide.impl.ScreenShotLaboratory.ifReportsFolderNotNull(ScreenShotLaboratory.java:530)
	at com.codeborne.selenide.impl.ScreenShotLaboratory.lambda$takeScreenshot$16(ScreenShotLaboratory.java:439)
	at com.codeborne.selenide.impl.ScreenShotLaboratory.ifWebDriverStarted(ScreenShotLaboratory.java:520)
	at com.codeborne.selenide.impl.ScreenShotLaboratory.takeScreenshot(ScreenShotLaboratory.java:438)
	at com.codeborne.selenide.ex.UIAssertionError.wrapThrowable(UIAssertionError.java:117)
	at com.codeborne.selenide.ex.UIAssertionError.wrap(UIAssertionError.java:97)
	at com.codeborne.selenide.impl.SelenideElementProxy.invoke(SelenideElementProxy.java:89)
	at jdk.proxy3/jdk.proxy3.$Proxy17.click(Unknown Source)
	at pages.Elements.selectMap(Elements.java:117)
	at tests.SearchTests.lambda$checkInsertNumberPage$4(SearchTests.java:43)
	at io.qameta.allure.Allure.lambda$step$0(Allure.java:113)
	at io.qameta.allure.Allure.lambda$step$1(Allure.java:127)
	at io.qameta.allure.Allure.step(Allure.java:181)
	at io.qameta.allure.Allure.step(Allure.java:125)
	at io.qameta.allure.Allure.step(Allure.java:112)
	at tests.SearchTests.checkInsertNumberPage(SearchTests.java:41)
	at java.base/jdk.internal.reflect.NativeMethodAccessorImpl.invoke0(Native Method)
	at java.base/jdk.internal.reflect.NativeMethodAccessorImpl.invoke(NativeMethodAccessorImpl.java:78)
	at java.base/jdk.internal.reflect.DelegatingMethodAccessorImpl.invoke(DelegatingMethodAccessorImpl.java:43)
	at java.base/java.lang.reflect.Method.invoke(Method.java:567)
	at org.junit.platform.commons.util.ReflectionUtils.invokeMethod(ReflectionUtils.java:727)
	at org.junit.jupiter.engine.execution.MethodInvocation.proceed(MethodInvocation.java:60)
	at org.junit.jupiter.engine.execution.InvocationInterceptorChain$ValidatingInvocation.proceed(InvocationInterceptorChain.java:131)
	at org.junit.jupiter.api.extension.InvocationInterceptor.interceptTestMethod(InvocationInterceptor.java:118)
	at org.junit.jupiter.engine.execution.InterceptingExecutableInvoker$ReflectiveInterceptorCall.lambda$ofVoidMethod$0(InterceptingExecutableInvoker.java:103)
	at org.junit.jupiter.engine.execution.InterceptingExecutableInvoker.lambda$invoke$0(InterceptingExecutableInvoker.java:93)
	at org.junit.jupiter.engine.execution.InvocationInterceptorChain$InterceptedInvocation.proceed(InvocationInterceptorChain.java:106)
	at org.junit.jupiter.engine.extension.TimeoutExtension.intercept(TimeoutExtension.java:156)
	at org.junit.jupiter.engine.extension.TimeoutExtension.interceptTestableMethod(TimeoutExtension.java:147)
	at org.junit.jupiter.engine.extension.TimeoutExtension.interceptTestMethod(TimeoutExtension.java:86)
	at org.junit.jupiter.engine.execution.InterceptingExecutableInvoker$ReflectiveInterceptorCall.lambda$ofVoidMethod$0(InterceptingExecutableInvoker.java:103)
	at org.junit.jupiter.engine.execution.InterceptingExecutableInvoker.lambda$invoke$0(InterceptingExecutableInvoker.java:93)
	at org.junit.jupiter.engine.execution.InvocationInterceptorChain$InterceptedInvocation.proceed(InvocationInterceptorChain.java:106)
	at org.junit.jupiter.engine.execution.InvocationInterceptorChain.proceed(InvocationInterceptorChain.java:64)
	at org.junit.jupiter.engine.execution.InvocationInterceptorChain.chainAndInvoke(InvocationInterceptorChain.java:45)
	at org.junit.jupiter.engine.execution.InvocationInterceptorChain.invoke(InvocationInterceptorChain.java:37)
	at org.junit.jupiter.engine.execution.InterceptingExecutableInvoker.invoke(InterceptingExecutableInvoker.java:92)
	at org.junit.jupiter.engine.execution.InterceptingExecutableInvoker.invoke(InterceptingExecutableInvoker.java:86)
	at org.junit.jupiter.engine.descriptor.TestMethodTestDescriptor.lambda$invokeTestMethod$7(TestMethodTestDescriptor.java:217)
	at org.junit.platform.engine.support.hierarchical.ThrowableCollector.execute(ThrowableCollector.java:73)
	at org.junit.jupiter.engine.descriptor.TestMethodTestDescriptor.invokeTestMethod(TestMethodTestDescriptor.java:213)
	at org.junit.jupiter.engine.descriptor.TestMethodTestDescriptor.execute(TestMethodTestDescriptor.java:138)
	at org.junit.jupiter.engine.descriptor.TestMethodTestDescriptor.execute(TestMethodTestDescriptor.java:68)
	at org.junit.platform.engine.support.hierarchical.NodeTestTask.lambda$executeRecursively$6(NodeTestTask.java:151)
	at org.junit.platform.engine.support.hierarchical.ThrowableCollector.execute(ThrowableCollector.java:73)
	at org.junit.platform.engine.support.hierarchical.NodeTestTask.lambda$executeRecursively$8(NodeTestTask.java:141)
	at org.junit.platform.engine.support.hierarchical.Node.around(Node.java:137)
	at org.junit.platform.engine.support.hierarchical.NodeTestTask.lambda$executeRecursively$9(NodeTestTask.java:139)
	at org.junit.platform.engine.support.hierarchical.ThrowableCollector.execute(ThrowableCollector.java:73)
	at org.junit.platform.engine.support.hierarchical.NodeTestTask.executeRecursively(NodeTestTask.java:138)
	at org.junit.platform.engine.support.hierarchical.NodeTestTask.execute(NodeTestTask.java:95)
	at java.base/java.util.ArrayList.forEach(ArrayList.java:1511)
	at org.junit.platform.engine.support.hierarchical.SameThreadHierarchicalTestExecutorService.invokeAll(SameThreadHierarchicalTestExecutorService.java:41)
	at org.junit.platform.engine.support.hierarchical.NodeTestTask.lambda$executeRecursively$6(NodeTestTask.java:155)
	at org.junit.platform.engine.support.hierarchical.ThrowableCollector.execute(ThrowableCollector.java:73)
	at org.junit.platform.engine.support.hierarchical.NodeTestTask.lambda$executeRecursively$8(NodeTestTask.java:141)
	at org.junit.platform.engine.support.hierarchical.Node.around(Node.java:137)
	at org.junit.platform.engine.support.hierarchical.NodeTestTask.lambda$executeRecursively$9(NodeTestTask.java:139)
	at org.junit.platform.engine.support.hierarchical.ThrowableCollector.execute(ThrowableCollector.java:73)
	at org.junit.platform.engine.support.hierarchical.NodeTestTask.executeRecursively(NodeTestTask.java:138)
	at org.junit.platform.engine.support.hierarchical.NodeTestTask.execute(NodeTestTask.java:95)
	at java.base/java.util.ArrayList.forEach(ArrayList.java:1511)
	at org.junit.platform.engine.support.hierarchical.SameThreadHierarchicalTestExecutorService.invokeAll(SameThreadHierarchicalTestExecutorService.java:41)
	at org.junit.platform.engine.support.hierarchical.NodeTestTask.lambda$executeRecursively$6(NodeTestTask.java:155)
	at org.junit.platform.engine.support.hierarchical.ThrowableCollector.execute(ThrowableCollector.java:73)
	at org.junit.platform.engine.support.hierarchical.NodeTestTask.lambda$executeRecursively$8(NodeTestTask.java:141)
	at org.junit.platform.engine.support.hierarchical.Node.around(Node.java:137)
	at org.junit.platform.engine.support.hierarchical.NodeTestTask.lambda$executeRecursively$9(NodeTestTask.java:139)
	at org.junit.platform.engine.support.hierarchical.ThrowableCollector.execute(ThrowableCollector.java:73)
	at org.junit.platform.engine.support.hierarchical.NodeTestTask.executeRecursively(NodeTestTask.java:138)
	at org.junit.platform.engine.support.hierarchical.NodeTestTask.execute(NodeTestTask.java:95)
	at org.junit.platform.engine.support.hierarchical.SameThreadHierarchicalTestExecutorService.submit(SameThreadHierarchicalTestExecutorService.java:35)
	at org.junit.platform.engine.support.hierarchical.HierarchicalTestExecutor.execute(HierarchicalTestExecutor.java:57)
	at org.junit.platform.engine.support.hierarchical.HierarchicalTestEngine.execute(HierarchicalTestEngine.java:54)
	at org.junit.platform.launcher.core.EngineExecutionOrchestrator.execute(EngineExecutionOrchestrator.java:147)
	at org.junit.platform.launcher.core.EngineExecutionOrchestrator.execute(EngineExecutionOrchestrator.java:127)
	at org.junit.platform.launcher.core.EngineExecutionOrchestrator.execute(EngineExecutionOrchestrator.java:90)
	at org.junit.platform.launcher.core.EngineExecutionOrchestrator.lambda$execute$0(EngineExecutionOrchestrator.java:55)
	at org.junit.platform.launcher.core.EngineExecutionOrchestrator.withInterceptedStreams(EngineExecutionOrchestrator.java:102)
	at org.junit.platform.launcher.core.EngineExecutionOrchestrator.execute(EngineExecutionOrchestrator.java:54)
	at org.junit.platform.launcher.core.DefaultLauncher.execute(DefaultLauncher.java:114)
	at org.junit.platform.launcher.core.DefaultLauncher.execute(DefaultLauncher.java:86)
	at org.junit.platform.launcher.core.DefaultLauncherSession$DelegatingLauncher.execute(DefaultLauncherSession.java:86)
	at org.junit.platform.launcher.core.SessionPerRequestLauncher.execute(SessionPerRequestLauncher.java:53)
	at org.gradle.api.internal.tasks.testing.junitplatform.JUnitPlatformTestClassProcessor$CollectAllTestClassesExecutor.processAllTestClasses(JUnitPlatformTestClassProcessor.java:99)
	at org.gradle.api.internal.tasks.testing.junitplatform.JUnitPlatformTestClassProcessor$CollectAllTestClassesExecutor.access$000(JUnitPlatformTestClassProcessor.java:79)
	at org.gradle.api.internal.tasks.testing.junitplatform.JUnitPlatformTestClassProcessor.stop(JUnitPlatformTestClassProcessor.java:75)
	at org.gradle.api.internal.tasks.testing.SuiteTestClassProcessor.stop(SuiteTestClassProcessor.java:61)
	at java.base/jdk.internal.reflect.NativeMethodAccessorImpl.invoke0(Native Method)
	at java.base/jdk.internal.reflect.NativeMethodAccessorImpl.invoke(NativeMethodAccessorImpl.java:78)
	at java.base/jdk.internal.reflect.DelegatingMethodAccessorImpl.invoke(DelegatingMethodAccessorImpl.java:43)
	at java.base/java.lang.reflect.Method.invoke(Method.java:567)
	at org.gradle.internal.dispatch.ReflectionDispatch.dispatch(ReflectionDispatch.java:36)
	at org.gradle.internal.dispatch.ReflectionDispatch.dispatch(ReflectionDispatch.java:24)
	at org.gradle.internal.dispatch.ContextClassLoaderDispatch.dispatch(ContextClassLoaderDispatch.java:33)
	at org.gradle.internal.dispatch.ProxyDispatchAdapter$DispatchingInvocationHandler.invoke(ProxyDispatchAdapter.java:94)
	at jdk.proxy1/jdk.proxy1.$Proxy2.stop(Unknown Source)
	at org.gradle.api.internal.tasks.testing.worker.TestWorker.stop(TestWorker.java:135)
	at java.base/jdk.internal.reflect.NativeMethodAccessorImpl.invoke0(Native Method)
	at java.base/jdk.internal.reflect.NativeMethodAccessorImpl.invoke(NativeMethodAccessorImpl.java:78)
	at java.base/jdk.internal.reflect.DelegatingMethodAccessorImpl.invoke(DelegatingMethodAccessorImpl.java:43)
	at java.base/java.lang.reflect.Method.invoke(Method.java:567)
	at org.gradle.internal.dispatch.ReflectionDispatch.dispatch(ReflectionDispatch.java:36)
	at org.gradle.internal.dispatch.ReflectionDispatch.dispatch(ReflectionDispatch.java:24)
	at org.gradle.internal.remote.internal.hub.MessageHubBackedObjectConnection$DispatchWrapper.dispatch(MessageHubBackedObjectConnection.java:182)
	at org.gradle.internal.remote.internal.hub.MessageHubBackedObjectConnection$DispatchWrapper.dispatch(MessageHubBackedObjectConnection.java:164)
	at org.gradle.internal.remote.internal.hub.MessageHub$Handler.run(MessageHub.java:414)
	at org.gradle.internal.concurrent.ExecutorPolicy$CatchAndRecordFailures.onExecute(ExecutorPolicy.java:64)
	at org.gradle.internal.concurrent.ManagedExecutorImpl$1.run(ManagedExecutorImpl.java:48)
	at java.base/java.util.concurrent.ThreadPoolExecutor.runWorker(ThreadPoolExecutor.java:1130)
	at java.base/java.util.concurrent.ThreadPoolExecutor$Worker.run(ThreadPoolExecutor.java:630)
	at org.gradle.internal.concurrent.ThreadFactoryImpl$ManagedThreadRunnable.run(ThreadFactoryImpl.java:56)
	at java.base/java.lang.Thread.run(Thread.java:831)
</pre>
</span>
</div>
</div>
<div id="tab1" class="tab">
<h2>Tests</h2>
<table>
<thead>
<tr>
<th>Test</th>
<th>Duration</th>
<th>Result</th>
</tr>
</thead>
<tr>
<td class="failures">checkInsertNumberPage()</td>
<td class="failures">46.009s</td>
<td class="failures">failed</td>
</tr>
<tr>
<td class="success">checkSupport()</td>
<td class="success">52.488s</td>
<td class="success">passed</td>
</tr>
<tr>
<td class="success">checkTollBar()</td>
<td class="success">49.719s</td>
<td class="success">passed</td>
</tr>
</table>
</div>
<div id="tab2" class="tab">
<h2>Standard output</h2>
<span class="code">
<pre>Request method:	GET
Request URI:	https://api.browserstack.com/app-automate/sessions/b217c288b217fc86b8b3ebd66ced7b50b1923632.json
Proxy:			&lt;none&gt;
Request params:	&lt;none&gt;
Query params:	&lt;none&gt;
Form params:	&lt;none&gt;
Path params:	&lt;none&gt;
Headers:		Accept=*/*
Cookies:		&lt;none&gt;
Multiparts:		&lt;none&gt;
Body:			&lt;none&gt;
HTTP/1.1 200 OK
Cache-Control: max-age=0, private, must-revalidate
Content-Type: application/json; charset=utf-8
Date: Sun, 23 Apr 2023 19:05:05 GMT
ETag: W/&quot;7ef34a1e9c1ad153b7532be34567ac31&quot;
Server: nginx
Set-Cookie: tracking_id=2f1a09c4-36d6-47f5-a70d-6d13f1a72fee; domain=.browserstack.com; path=/; expires=Sun, 23 Apr 2028 19:05:05 GMT
Status: 200 OK
Vary: Origin
X-Powered-By: Phusion Passenger
X-Request-Id: 20e1c0db-03ef-48db-a569-e3a063ca2211
X-Runtime: 0.033271
X-UA-Compatible: IE=Edge,chrome=1
transfer-encoding: chunked
Connection: keep-alive

{
    &quot;automation_session&quot;: {
        &quot;name&quot;: &quot;first_test&quot;,
        &quot;duration&quot;: 46,
        &quot;os&quot;: &quot;android&quot;,
        &quot;os_version&quot;: &quot;9.0&quot;,
        &quot;browser_version&quot;: &quot;app&quot;,
        &quot;browser&quot;: null,
        &quot;device&quot;: &quot;Google Pixel 3&quot;,
        &quot;status&quot;: &quot;done&quot;,
        &quot;hashed_id&quot;: &quot;b217c288b217fc86b8b3ebd66ced7b50b1923632&quot;,
        &quot;reason&quot;: &quot;CLIENT_STOPPED_SESSION&quot;,
        &quot;build_name&quot;: &quot;browserstack-build-1&quot;,
        &quot;project_name&quot;: &quot;First Java Project&quot;,
        &quot;build_hashed_id&quot;: &quot;b6ad8270aa18f5fd4c4e5819c19e2fb717547a73&quot;,
        &quot;logs&quot;: &quot;https://app-automate.browserstack.com/builds/b6ad8270aa18f5fd4c4e5819c19e2fb717547a73/sessions/b217c288b217fc86b8b3ebd66ced7b50b1923632/logs&quot;,
        &quot;browserstack_status&quot;: &quot;done&quot;,
        &quot;created_at&quot;: &quot;2023-04-23T19:04:16.000Z&quot;,
        &quot;browser_url&quot;: &quot;https://app-automate.browserstack.com/builds/b6ad8270aa18f5fd4c4e5819c19e2fb717547a73/sessions/b217c288b217fc86b8b3ebd66ced7b50b1923632&quot;,
        &quot;public_url&quot;: &quot;https://app-automate.browserstack.com/builds/b6ad8270aa18f5fd4c4e5819c19e2fb717547a73/sessions/b217c288b217fc86b8b3ebd66ced7b50b1923632?auth_token=5e2294fd46e1017e40e48f6ed69829dcb4859f04c1337b45e1f662e147580149&quot;,
        &quot;video_url&quot;: &quot;https://app-automate.browserstack.com/sessions/b217c288b217fc86b8b3ebd66ced7b50b1923632/video?token=SGVCdk0ydGY4Q1pTQTVTQ0UySzYzZTdOcW0zNytTQ0lWNEI3SUwzL05BZk5LemhrZzZGWUpYWUc5MHBtUmdZUmdpb2ZseHNLNEdCQms0ekZnY3plNFE9PS0tdTU0d1R6eHVzVTlPSENpRURQZDRoUT09--597381859d24e4175d804dc4d692ac22ece453a3&amp;source=rest_api&amp;diff=3.57228561&quot;,
        &quot;appium_logs_url&quot;: &quot;https://api.browserstack.com/app-automate/builds/b6ad8270aa18f5fd4c4e5819c19e2fb717547a73/sessions/b217c288b217fc86b8b3ebd66ced7b50b1923632/appiumlogs&quot;,
        &quot;device_logs_url&quot;: &quot;https://api.browserstack.com/app-automate/builds/b6ad8270aa18f5fd4c4e5819c19e2fb717547a73/sessions/b217c288b217fc86b8b3ebd66ced7b50b1923632/devicelogs&quot;,
        &quot;app_details&quot;: {
            &quot;app_url&quot;: &quot;bs://6d6d472973d21f1a46f9d1f499fb7dea8f46f921&quot;,
            &quot;app_name&quot;: &quot;ru.vkusvill&quot;,
            &quot;app_version&quot;: &quot;2.38.7&quot;,
            &quot;app_custom_id&quot;: null,
            &quot;uploaded_at&quot;: &quot;2023-04-19T21:46:20.000Z&quot;
        },
        &quot;session_terminal_logs_url&quot;: &quot;https://app-automate.browserstack.com/s3-upload/bs-selenium-logs-use/s3/data/b6ad8270aa18f5fd4c4e5819c19e2fb717547a73/b217c288b217fc86b8b3ebd66ced7b50b1923632-terminal-logs.txt?response-content-type=text%2Fplain&amp;X-Amz-Algorithm=AWS4-HMAC-SHA256&amp;X-Amz-Credential=AKIA2XUQHUQMIXLNZJ22%2F20230423%2Fus-east-1%2Fs3%2Faws4_request&amp;X-Amz-Date=20230423T190505Z&amp;X-Amz-Expires=604800&amp;X-Amz-SignedHeaders=host&amp;X-Amz-Signature=c5ea53ced3cdad8b1227eddd221a2e2044c12aa3e1fc2900f739c85bca96734c&quot;,
        &quot;build_terminal_logs_url&quot;: &quot;https://app-automate.browserstack.com/s3-upload/bs-selenium-logs-use/s3/data/b6ad8270aa18f5fd4c4e5819c19e2fb717547a73/terminal-logs.txt?response-content-type=text%2Fplain&amp;X-Amz-Algorithm=AWS4-HMAC-SHA256&amp;X-Amz-Credential=AKIA2XUQHUQMIXLNZJ22%2F20230423%2Fus-east-1%2Fs3%2Faws4_request&amp;X-Amz-Date=20230423T190505Z&amp;X-Amz-Expires=604800&amp;X-Amz-SignedHeaders=host&amp;X-Amz-Signature=9a43da899ed5f4fc045d49c1a1ef163af2534ce2c9474f1c95da70bc0ece10b0&quot;
    }
}
Request method:	GET
Request URI:	https://api.browserstack.com/app-automate/sessions/eedcc626e43dfab3a52e07f75fbf2c934922a150.json
Proxy:			&lt;none&gt;
Request params:	&lt;none&gt;
Query params:	&lt;none&gt;
Form params:	&lt;none&gt;
Path params:	&lt;none&gt;
Headers:		Accept=*/*
Cookies:		&lt;none&gt;
Multiparts:		&lt;none&gt;
Body:			&lt;none&gt;
HTTP/1.1 200 OK
Cache-Control: max-age=0, private, must-revalidate
Content-Type: application/json; charset=utf-8
Date: Sun, 23 Apr 2023 19:05:52 GMT
ETag: W/&quot;b1064529a1c0a6aebb2cc47510125830&quot;
Server: nginx
Set-Cookie: tracking_id=defc5f38-c068-4516-800f-6b5f1213e2a8; domain=.browserstack.com; path=/; expires=Sun, 23 Apr 2028 19:05:52 GMT
Status: 200 OK
Vary: Origin
X-Powered-By: Phusion Passenger
X-Request-Id: c7b4e8fc-997a-485e-9bde-5b7110267af8
X-Runtime: 0.036063
X-UA-Compatible: IE=Edge,chrome=1
Content-Length: 2910
Connection: keep-alive

{
    &quot;automation_session&quot;: {
        &quot;name&quot;: &quot;first_test&quot;,
        &quot;duration&quot;: 44,
        &quot;os&quot;: &quot;android&quot;,
        &quot;os_version&quot;: &quot;9.0&quot;,
        &quot;browser_version&quot;: &quot;app&quot;,
        &quot;browser&quot;: null,
        &quot;device&quot;: &quot;Google Pixel 3&quot;,
        &quot;status&quot;: &quot;done&quot;,
        &quot;hashed_id&quot;: &quot;eedcc626e43dfab3a52e07f75fbf2c934922a150&quot;,
        &quot;reason&quot;: &quot;CLIENT_STOPPED_SESSION&quot;,
        &quot;build_name&quot;: &quot;browserstack-build-1&quot;,
        &quot;project_name&quot;: &quot;First Java Project&quot;,
        &quot;build_hashed_id&quot;: &quot;b6ad8270aa18f5fd4c4e5819c19e2fb717547a73&quot;,
        &quot;logs&quot;: &quot;https://app-automate.browserstack.com/builds/b6ad8270aa18f5fd4c4e5819c19e2fb717547a73/sessions/eedcc626e43dfab3a52e07f75fbf2c934922a150/logs&quot;,
        &quot;browserstack_status&quot;: &quot;done&quot;,
        &quot;created_at&quot;: &quot;2023-04-23T19:05:07.000Z&quot;,
        &quot;browser_url&quot;: &quot;https://app-automate.browserstack.com/builds/b6ad8270aa18f5fd4c4e5819c19e2fb717547a73/sessions/eedcc626e43dfab3a52e07f75fbf2c934922a150&quot;,
        &quot;public_url&quot;: &quot;https://app-automate.browserstack.com/builds/b6ad8270aa18f5fd4c4e5819c19e2fb717547a73/sessions/eedcc626e43dfab3a52e07f75fbf2c934922a150?auth_token=f98c95f913e7a9d7916ee87502ab44f8472b60a151654a950c51ded8aa21ee22&quot;,
        &quot;video_url&quot;: &quot;https://app-automate.browserstack.com/sessions/eedcc626e43dfab3a52e07f75fbf2c934922a150/video?token=V3E3Vmh1YW50QmlTS1JJTTBRUWVqcHVEZUlpcXUrTjgrQ0lnMWRTbU1PRVFNcnMrRHVKTHo1UG92SlgyVy8wUjdST1I4WWgwWWFSWVZEb1NvVytIU0E9PS0tdUduUWYvdGNUWHcrak83cHNDMHIzZz09--b51064ff9963df395a67675befba43375b1c374e&amp;source=rest_api&amp;diff=1.430271737&quot;,
        &quot;appium_logs_url&quot;: &quot;https://api.browserstack.com/app-automate/builds/b6ad8270aa18f5fd4c4e5819c19e2fb717547a73/sessions/eedcc626e43dfab3a52e07f75fbf2c934922a150/appiumlogs&quot;,
        &quot;device_logs_url&quot;: &quot;https://api.browserstack.com/app-automate/builds/b6ad8270aa18f5fd4c4e5819c19e2fb717547a73/sessions/eedcc626e43dfab3a52e07f75fbf2c934922a150/devicelogs&quot;,
        &quot;app_details&quot;: {
            &quot;app_url&quot;: &quot;bs://6d6d472973d21f1a46f9d1f499fb7dea8f46f921&quot;,
            &quot;app_name&quot;: &quot;ru.vkusvill&quot;,
            &quot;app_version&quot;: &quot;2.38.7&quot;,
            &quot;app_custom_id&quot;: null,
            &quot;uploaded_at&quot;: &quot;2023-04-19T21:46:20.000Z&quot;
        },
        &quot;session_terminal_logs_url&quot;: &quot;https://app-automate.browserstack.com/s3-upload/bs-selenium-logs-use/s3/data/b6ad8270aa18f5fd4c4e5819c19e2fb717547a73/eedcc626e43dfab3a52e07f75fbf2c934922a150-terminal-logs.txt?response-content-type=text%2Fplain&amp;X-Amz-Algorithm=AWS4-HMAC-SHA256&amp;X-Amz-Credential=AKIA2XUQHUQMIXLNZJ22%2F20230423%2Fus-east-1%2Fs3%2Faws4_request&amp;X-Amz-Date=20230423T190552Z&amp;X-Amz-Expires=604800&amp;X-Amz-SignedHeaders=host&amp;X-Amz-Signature=bb01724f892a2a6168e87d8c4717a9a5fe097456db7aab4e2748d6bf6ac667f2&quot;,
        &quot;build_terminal_logs_url&quot;: &quot;https://app-automate.browserstack.com/s3-upload/bs-selenium-logs-use/s3/data/b6ad8270aa18f5fd4c4e5819c19e2fb717547a73/terminal-logs.txt?response-content-type=text%2Fplain&amp;X-Amz-Algorithm=AWS4-HMAC-SHA256&amp;X-Amz-Credential=AKIA2XUQHUQMIXLNZJ22%2F20230423%2Fus-east-1%2Fs3%2Faws4_request&amp;X-Amz-Date=20230423T190552Z&amp;X-Amz-Expires=604800&amp;X-Amz-SignedHeaders=host&amp;X-Amz-Signature=a789b560a76f4224fa9cfa85dc4af3b04905979362efd433d08c7c4f607816d3&quot;
    }
}
Request method:	GET
Request URI:	https://api.browserstack.com/app-automate/sessions/16191f3f757c0f7a4a910b48c9a54a7a31f6c7be.json
Proxy:			&lt;none&gt;
Request params:	&lt;none&gt;
Query params:	&lt;none&gt;
Form params:	&lt;none&gt;
Path params:	&lt;none&gt;
Headers:		Accept=*/*
Cookies:		&lt;none&gt;
Multiparts:		&lt;none&gt;
Body:			&lt;none&gt;
HTTP/1.1 200 OK
Cache-Control: max-age=0, private, must-revalidate
Content-Type: application/json; charset=utf-8
Date: Sun, 23 Apr 2023 19:06:42 GMT
ETag: W/&quot;a26d882a4c9ac77250c2bd0a4d297cd2&quot;
Server: nginx
Set-Cookie: tracking_id=a6c6c841-5ba9-4c40-a8fd-d0294de84709; domain=.browserstack.com; path=/; expires=Sun, 23 Apr 2028 19:06:42 GMT
Status: 200 OK
Vary: Origin
X-Powered-By: Phusion Passenger
X-Request-Id: 52ee93b0-4c75-49f4-b30f-525e97a32ced
X-Runtime: 0.031252
X-UA-Compatible: IE=Edge,chrome=1
transfer-encoding: chunked
Connection: keep-alive

{
    &quot;automation_session&quot;: {
        &quot;name&quot;: &quot;first_test&quot;,
        &quot;duration&quot;: 47,
        &quot;os&quot;: &quot;android&quot;,
        &quot;os_version&quot;: &quot;9.0&quot;,
        &quot;browser_version&quot;: &quot;app&quot;,
        &quot;browser&quot;: null,
        &quot;device&quot;: &quot;Google Pixel 3&quot;,
        &quot;status&quot;: &quot;done&quot;,
        &quot;hashed_id&quot;: &quot;16191f3f757c0f7a4a910b48c9a54a7a31f6c7be&quot;,
        &quot;reason&quot;: &quot;CLIENT_STOPPED_SESSION&quot;,
        &quot;build_name&quot;: &quot;browserstack-build-1&quot;,
        &quot;project_name&quot;: &quot;First Java Project&quot;,
        &quot;build_hashed_id&quot;: &quot;b6ad8270aa18f5fd4c4e5819c19e2fb717547a73&quot;,
        &quot;logs&quot;: &quot;https://app-automate.browserstack.com/builds/b6ad8270aa18f5fd4c4e5819c19e2fb717547a73/sessions/16191f3f757c0f7a4a910b48c9a54a7a31f6c7be/logs&quot;,
        &quot;browserstack_status&quot;: &quot;done&quot;,
        &quot;created_at&quot;: &quot;2023-04-23T19:05:53.000Z&quot;,
        &quot;browser_url&quot;: &quot;https://app-automate.browserstack.com/builds/b6ad8270aa18f5fd4c4e5819c19e2fb717547a73/sessions/16191f3f757c0f7a4a910b48c9a54a7a31f6c7be&quot;,
        &quot;public_url&quot;: &quot;https://app-automate.browserstack.com/builds/b6ad8270aa18f5fd4c4e5819c19e2fb717547a73/sessions/16191f3f757c0f7a4a910b48c9a54a7a31f6c7be?auth_token=bd4340b472e64327b58ded008b63f15120b8dca66e3607aded2a488baf0acef7&quot;,
        &quot;video_url&quot;: &quot;https://app-automate.browserstack.com/sessions/16191f3f757c0f7a4a910b48c9a54a7a31f6c7be/video?token=a0cwSjhjeGx3dXZHWXozMDdoQk9hSjluN2tHU2ZmdmJnUGcxN2VNcFRXQmR6UFNOL2NHdlpoVkx3WmJxc1FvTUZDQnJwVDArSHp4RWhTQVpha0gyL2c9PS0tSjVHcmd3T0wrcUhtS2ZMSnR5Y3Evdz09--661a8fe33af998c8254ec6afb156adafe62f90e4&amp;source=rest_api&amp;diff=2.152530412&quot;,
        &quot;appium_logs_url&quot;: &quot;https://api.browserstack.com/app-automate/builds/b6ad8270aa18f5fd4c4e5819c19e2fb717547a73/sessions/16191f3f757c0f7a4a910b48c9a54a7a31f6c7be/appiumlogs&quot;,
        &quot;device_logs_url&quot;: &quot;https://api.browserstack.com/app-automate/builds/b6ad8270aa18f5fd4c4e5819c19e2fb717547a73/sessions/16191f3f757c0f7a4a910b48c9a54a7a31f6c7be/devicelogs&quot;,
        &quot;app_details&quot;: {
            &quot;app_url&quot;: &quot;bs://6d6d472973d21f1a46f9d1f499fb7dea8f46f921&quot;,
            &quot;app_name&quot;: &quot;ru.vkusvill&quot;,
            &quot;app_version&quot;: &quot;2.38.7&quot;,
            &quot;app_custom_id&quot;: null,
            &quot;uploaded_at&quot;: &quot;2023-04-19T21:46:20.000Z&quot;
        },
        &quot;session_terminal_logs_url&quot;: &quot;https://app-automate.browserstack.com/s3-upload/bs-selenium-logs-use/s3/data/b6ad8270aa18f5fd4c4e5819c19e2fb717547a73/16191f3f757c0f7a4a910b48c9a54a7a31f6c7be-terminal-logs.txt?response-content-type=text%2Fplain&amp;X-Amz-Algorithm=AWS4-HMAC-SHA256&amp;X-Amz-Credential=AKIA2XUQHUQMIXLNZJ22%2F20230423%2Fus-east-1%2Fs3%2Faws4_request&amp;X-Amz-Date=20230423T190642Z&amp;X-Amz-Expires=604800&amp;X-Amz-SignedHeaders=host&amp;X-Amz-Signature=64706c9a3c227748568b9e8a0a62e2136eebd01bb0a8aedf84df72fb6685ceed&quot;,
        &quot;build_terminal_logs_url&quot;: &quot;https://app-automate.browserstack.com/s3-upload/bs-selenium-logs-use/s3/data/b6ad8270aa18f5fd4c4e5819c19e2fb717547a73/terminal-logs.txt?response-content-type=text%2Fplain&amp;X-Amz-Algorithm=AWS4-HMAC-SHA256&amp;X-Amz-Credential=AKIA2XUQHUQMIXLNZJ22%2F20230423%2Fus-east-1%2Fs3%2Faws4_request&amp;X-Amz-Date=20230423T190642Z&amp;X-Amz-Expires=604800&amp;X-Amz-SignedHeaders=host&amp;X-Amz-Signature=5305f8b31f99a6d56bf3d2bd82b7ef1a913d6195cadcfbfbbef4ed3ea903ef90&quot;
    }
}
</pre>
</span>
</div>
<div id="tab3" class="tab">
<h2>Standard error</h2>
<span class="code">
<pre>[Test worker] INFO com.codeborne.selenide.impl.WebDriverThreadLocalContainer - No webdriver is bound to current thread: 16 - let's create a new webdriver
[Test worker] INFO com.codeborne.selenide.impl.FileHelper - Creating folder: C:\Users\Artem\Desktop\guru_mobile-master\build\downloads\1682276656757_2844_16
апр. 23, 2023 10:04:16 PM org.openqa.selenium.remote.tracing.opentelemetry.OpenTelemetryTracer createTracer
INFO: Using OpenTelemetry for tracing
[Test worker] INFO com.codeborne.selenide.webdriver.SelenideNettyClientFactory - Changed readTimeout from PT3M to PT1M30S
апр. 23, 2023 10:04:17 PM org.openqa.selenium.remote.RemoteWebDriver checkNonW3CCapabilities
WARNING: Support for Legacy Capabilities is deprecated; You are sending the following invalid capabilities: [app, browserstack.key, browserstack.user, build, device, name, os_version, project]; Please update to W3C Syntax: https://www.selenium.dev/blog/2022/legacy-protocol-support/
апр. 23, 2023 10:04:55 PM org.openqa.selenium.remote.ProtocolHandshake createSession
WARNING: Support for Legacy Capabilities is deprecated; You are sending the following invalid capabilities: [app, browserstack.key, browserstack.user, build, device, name, os_version, project]; Please update to W3C Syntax: https://www.selenium.dev/blog/2022/legacy-protocol-support/
[Test worker] ERROR com.codeborne.selenide.webdriver.WebDriverFactory - Failed to set page load timeout to 30000 ms
org.openqa.selenium.remote.UnreachableBrowserException: Error communicating with the remote browser. It may have died.
Build info: version: '4.8.1', revision: '8ebccac989'
System info: os.name: 'Windows 10', os.arch: 'amd64', os.version: '10.0', java.version: '16.0.2'
Driver info: org.openqa.selenium.remote.RemoteWebDriver
Command: [b217c288b217fc86b8b3ebd66ced7b50b1923632, setTimeout {pageLoad=30000}]
Capabilities {64bit: false, acceptInsecureCerts: true, acceptSslCert: true, acceptSslCerts: true, adbExecTimeout: 120000, appActivity: ru.vkusvill.activities.Tuto..., appPackage: ru.vkusvill, automationName: uiautomator2, browserstack.appium_version: 1.17.0, browserstack.is_hub_canary: false, browserstack.minOSVersion: 5.0, buildName: browserstack-build-1, bundleID: ru.vkusvill, bundleId: ru.vkusvill, capabilities: {64bit: false, acceptInsecureCerts: true, acceptSslCert: true, acceptSslCerts: true, adbExecTimeout: 120000, appActivity: ru.vkusvill.activities.Tuto..., appPackage: ru.vkusvill, automationName: uiautomator2, browserstack.appium_version: 1.17.0, browserstack.is_hub_canary: false, browserstack.minOSVersion: 5.0, buildName: browserstack-build-1, bundleID: ru.vkusvill, bundleId: ru.vkusvill, chromeOptions: {args: [--ignore-certificate-errors], w3c: false}, chromedriverPort: 18081, chromedriverPorts: [[18111, 18121]], databaseEnabled: false, detected_language: selenium/4.8.1 (java windows), device: google pixel 3, deviceApiLevel: 28, deviceManufacturer: Google, deviceModel: Pixel 3, deviceName: 8B5X13X3E, deviceScreenDensity: 440, deviceScreenSize: 1080x2160, deviceUDID: 8B5X13X3E, disableSuppressAccessibilityService: true, enablePerformanceLogging: false, javascriptEnabled: true, locationContextEnabled: false, mobile: {browser: mobile, version: Google Pixel 3-9.0}, nativeWebScreenshot: true, networkConnectionEnabled: true, newCommandTimeout: 0, new_bucketing: true, orig_os: android, osVersion: 9.0, os_version: 9.0, pageLoadStrategy: normal, pixelRatio: 2.75, platform: ANDROID, platformName: Android, platformVersion: 9, projectName: First Java Project, realMobile: true, sessionId: b217c288b217fc86b8b3ebd66ce..., sessionName: first_test, skipServerInstallation: true, statBarHeight: 66, systemPort: 8201, takesScreenshot: true, udid: 8B5X13X3E, uiautomator2ServerLaunchTimeout: 60000, unhandledPromptBehavior: accept, version: , viewportRect: {height: 1962, left: 0, top: 66, width: 1080}, warnings: {}, webStorageEnabled: false}, chromeOptions: {args: [--ignore-certificate-errors], w3c: false}, chromedriverPort: 18081, chromedriverPorts: [[18111, 18121]], databaseEnabled: false, detected_language: selenium/4.8.1 (java windows), device: google pixel 3, deviceApiLevel: 28, deviceManufacturer: Google, deviceModel: Pixel 3, deviceName: 8B5X13X3E, deviceScreenDensity: 440, deviceScreenSize: 1080x2160, deviceUDID: 8B5X13X3E, disableSuppressAccessibilityService: true, enablePerformanceLogging: false, javascriptEnabled: true, locationContextEnabled: false, mobile: {browser: mobile, version: Google Pixel 3-9.0}, nativeWebScreenshot: true, networkConnectionEnabled: true, newCommandTimeout: 0, new_bucketing: true, orig_os: android, osVersion: 9.0, os_version: 9.0, pageLoadStrategy: normal, pixelRatio: 2.75, platform: ANDROID, platformName: ANDROID, platformVersion: 9, projectName: First Java Project, realMobile: true, sessionId: b217c288b217fc86b8b3ebd66ce..., sessionName: first_test, skipServerInstallation: true, statBarHeight: 66, systemPort: 8201, takesScreenshot: true, udid: 8B5X13X3E, uiautomator2ServerLaunchTimeout: 60000, unhandledPromptBehavior: accept, version: , viewportRect: {height: 1962, left: 0, top: 66, width: 1080}, warnings: {}, webStorageEnabled: false}
Session ID: b217c288b217fc86b8b3ebd66ced7b50b1923632
	at org.openqa.selenium.remote.RemoteWebDriver.execute(RemoteWebDriver.java:567)
	at org.openqa.selenium.remote.RemoteWebDriver$RemoteWebDriverOptions$RemoteTimeouts.pageLoadTimeout(RemoteWebDriver.java:899)
	at com.codeborne.selenide.webdriver.WebDriverFactory.setLoadTimeout(WebDriverFactory.java:95)
	at com.codeborne.selenide.webdriver.WebDriverFactory.createWebDriver(WebDriverFactory.java:72)
	at com.codeborne.selenide.drivercommands.CreateDriverCommand.lambda$createDriver$0(CreateDriverCommand.java:76)
	at com.codeborne.selenide.logevents.SelenideLogger.get(SelenideLogger.java:118)
	at com.codeborne.selenide.drivercommands.CreateDriverCommand.createDriver(CreateDriverCommand.java:52)
	at com.codeborne.selenide.impl.WebDriverThreadLocalContainer.createDriver(WebDriverThreadLocalContainer.java:186)
	at com.codeborne.selenide.impl.WebDriverThreadLocalContainer.getAndCheckWebDriver(WebDriverThreadLocalContainer.java:155)
	at com.codeborne.selenide.WebDriverRunner.getAndCheckWebDriver(WebDriverRunner.java:130)
	at com.codeborne.selenide.impl.StaticDriver.getAndCheckWebDriver(StaticDriver.java:65)
	at com.codeborne.selenide.SelenideDriver.getAndCheckWebDriver(SelenideDriver.java:220)
	at com.codeborne.selenide.logevents.SelenideLogger.run(SelenideLogger.java:105)
	at com.codeborne.selenide.drivercommands.Navigator.open(Navigator.java:89)
	at com.codeborne.selenide.SelenideDriver.open(SelenideDriver.java:97)
	at com.codeborne.selenide.Selenide.open(Selenide.java:128)
	at tests.TestBase.addListener(TestBase.java:45)
	at java.base/jdk.internal.reflect.NativeMethodAccessorImpl.invoke0(Native Method)
	at java.base/jdk.internal.reflect.NativeMethodAccessorImpl.invoke(NativeMethodAccessorImpl.java:78)
	at java.base/jdk.internal.reflect.DelegatingMethodAccessorImpl.invoke(DelegatingMethodAccessorImpl.java:43)
	at java.base/java.lang.reflect.Method.invoke(Method.java:567)
	at org.junit.platform.commons.util.ReflectionUtils.invokeMethod(ReflectionUtils.java:727)
	at org.junit.jupiter.engine.execution.MethodInvocation.proceed(MethodInvocation.java:60)
	at org.junit.jupiter.engine.execution.InvocationInterceptorChain$ValidatingInvocation.proceed(InvocationInterceptorChain.java:131)
	at io.qameta.allure.junit5.AllureJunit5.processFixture(AllureJunit5.java:138)
	at io.qameta.allure.junit5.AllureJunit5.interceptBeforeEachMethod(AllureJunit5.java:116)
	at org.junit.jupiter.engine.execution.InterceptingExecutableInvoker$ReflectiveInterceptorCall.lambda$ofVoidMethod$0(InterceptingExecutableInvoker.java:103)
	at org.junit.jupiter.engine.execution.InterceptingExecutableInvoker.lambda$invoke$0(InterceptingExecutableInvoker.java:93)
	at org.junit.jupiter.engine.execution.InvocationInterceptorChain$InterceptedInvocation.proceed(InvocationInterceptorChain.java:106)
	at org.junit.jupiter.engine.extension.TimeoutExtension.intercept(TimeoutExtension.java:156)
	at org.junit.jupiter.engine.extension.TimeoutExtension.interceptLifecycleMethod(TimeoutExtension.java:128)
	at org.junit.jupiter.engine.extension.TimeoutExtension.interceptBeforeEachMethod(TimeoutExtension.java:78)
	at org.junit.jupiter.engine.execution.InterceptingExecutableInvoker$ReflectiveInterceptorCall.lambda$ofVoidMethod$0(InterceptingExecutableInvoker.java:103)
	at org.junit.jupiter.engine.execution.InterceptingExecutableInvoker.lambda$invoke$0(InterceptingExecutableInvoker.java:93)
	at org.junit.jupiter.engine.execution.InvocationInterceptorChain$InterceptedInvocation.proceed(InvocationInterceptorChain.java:106)
	at org.junit.jupiter.engine.execution.InvocationInterceptorChain.proceed(InvocationInterceptorChain.java:64)
	at org.junit.jupiter.engine.execution.InvocationInterceptorChain.chainAndInvoke(InvocationInterceptorChain.java:45)
	at org.junit.jupiter.engine.execution.InvocationInterceptorChain.invoke(InvocationInterceptorChain.java:37)
	at org.junit.jupiter.engine.execution.InterceptingExecutableInvoker.invoke(InterceptingExecutableInvoker.java:92)
	at org.junit.jupiter.engine.execution.InterceptingExecutableInvoker.invoke(InterceptingExecutableInvoker.java:86)
	at org.junit.jupiter.engine.descriptor.ClassBasedTestDescriptor.invokeMethodInExtensionContext(ClassBasedTestDescriptor.java:520)
	at org.junit.jupiter.engine.descriptor.ClassBasedTestDescriptor.lambda$synthesizeBeforeEachMethodAdapter$23(ClassBasedTestDescriptor.java:505)
	at org.junit.jupiter.engine.descriptor.TestMethodTestDescriptor.lambda$invokeBeforeEachMethods$3(TestMethodTestDescriptor.java:174)
	at org.junit.jupiter.engine.descriptor.TestMethodTestDescriptor.lambda$invokeBeforeMethodsOrCallbacksUntilExceptionOccurs$6(TestMethodTestDescriptor.java:202)
	at org.junit.platform.engine.support.hierarchical.ThrowableCollector.execute(ThrowableCollector.java:73)
	at org.junit.jupiter.engine.descriptor.TestMethodTestDescriptor.invokeBeforeMethodsOrCallbacksUntilExceptionOccurs(TestMethodTestDescriptor.java:202)
	at org.junit.jupiter.engine.descriptor.TestMethodTestDescriptor.invokeBeforeEachMethods(TestMethodTestDescriptor.java:171)
	at org.junit.jupiter.engine.descriptor.TestMethodTestDescriptor.execute(TestMethodTestDescriptor.java:134)
	at org.junit.jupiter.engine.descriptor.TestMethodTestDescriptor.execute(TestMethodTestDescriptor.java:68)
	at org.junit.platform.engine.support.hierarchical.NodeTestTask.lambda$executeRecursively$6(NodeTestTask.java:151)
	at org.junit.platform.engine.support.hierarchical.ThrowableCollector.execute(ThrowableCollector.java:73)
	at org.junit.platform.engine.support.hierarchical.NodeTestTask.lambda$executeRecursively$8(NodeTestTask.java:141)
	at org.junit.platform.engine.support.hierarchical.Node.around(Node.java:137)
	at org.junit.platform.engine.support.hierarchical.NodeTestTask.lambda$executeRecursively$9(NodeTestTask.java:139)
	at org.junit.platform.engine.support.hierarchical.ThrowableCollector.execute(ThrowableCollector.java:73)
	at org.junit.platform.engine.support.hierarchical.NodeTestTask.executeRecursively(NodeTestTask.java:138)
	at org.junit.platform.engine.support.hierarchical.NodeTestTask.execute(NodeTestTask.java:95)
	at java.base/java.util.ArrayList.forEach(ArrayList.java:1511)
	at org.junit.platform.engine.support.hierarchical.SameThreadHierarchicalTestExecutorService.invokeAll(SameThreadHierarchicalTestExecutorService.java:41)
	at org.junit.platform.engine.support.hierarchical.NodeTestTask.lambda$executeRecursively$6(NodeTestTask.java:155)
	at org.junit.platform.engine.support.hierarchical.ThrowableCollector.execute(ThrowableCollector.java:73)
	at org.junit.platform.engine.support.hierarchical.NodeTestTask.lambda$executeRecursively$8(NodeTestTask.java:141)
	at org.junit.platform.engine.support.hierarchical.Node.around(Node.java:137)
	at org.junit.platform.engine.support.hierarchical.NodeTestTask.lambda$executeRecursively$9(NodeTestTask.java:139)
	at org.junit.platform.engine.support.hierarchical.ThrowableCollector.execute(ThrowableCollector.java:73)
	at org.junit.platform.engine.support.hierarchical.NodeTestTask.executeRecursively(NodeTestTask.java:138)
	at org.junit.platform.engine.support.hierarchical.NodeTestTask.execute(NodeTestTask.java:95)
	at java.base/java.util.ArrayList.forEach(ArrayList.java:1511)
	at org.junit.platform.engine.support.hierarchical.SameThreadHierarchicalTestExecutorService.invokeAll(SameThreadHierarchicalTestExecutorService.java:41)
	at org.junit.platform.engine.support.hierarchical.NodeTestTask.lambda$executeRecursively$6(NodeTestTask.java:155)
	at org.junit.platform.engine.support.hierarchical.ThrowableCollector.execute(ThrowableCollector.java:73)
	at org.junit.platform.engine.support.hierarchical.NodeTestTask.lambda$executeRecursively$8(NodeTestTask.java:141)
	at org.junit.platform.engine.support.hierarchical.Node.around(Node.java:137)
	at org.junit.platform.engine.support.hierarchical.NodeTestTask.lambda$executeRecursively$9(NodeTestTask.java:139)
	at org.junit.platform.engine.support.hierarchical.ThrowableCollector.execute(ThrowableCollector.java:73)
	at org.junit.platform.engine.support.hierarchical.NodeTestTask.executeRecursively(NodeTestTask.java:138)
	at org.junit.platform.engine.support.hierarchical.NodeTestTask.execute(NodeTestTask.java:95)
	at org.junit.platform.engine.support.hierarchical.SameThreadHierarchicalTestExecutorService.submit(SameThreadHierarchicalTestExecutorService.java:35)
	at org.junit.platform.engine.support.hierarchical.HierarchicalTestExecutor.execute(HierarchicalTestExecutor.java:57)
	at org.junit.platform.engine.support.hierarchical.HierarchicalTestEngine.execute(HierarchicalTestEngine.java:54)
	at org.junit.platform.launcher.core.EngineExecutionOrchestrator.execute(EngineExecutionOrchestrator.java:147)
	at org.junit.platform.launcher.core.EngineExecutionOrchestrator.execute(EngineExecutionOrchestrator.java:127)
	at org.junit.platform.launcher.core.EngineExecutionOrchestrator.execute(EngineExecutionOrchestrator.java:90)
	at org.junit.platform.launcher.core.EngineExecutionOrchestrator.lambda$execute$0(EngineExecutionOrchestrator.java:55)
	at org.junit.platform.launcher.core.EngineExecutionOrchestrator.withInterceptedStreams(EngineExecutionOrchestrator.java:102)
	at org.junit.platform.launcher.core.EngineExecutionOrchestrator.execute(EngineExecutionOrchestrator.java:54)
	at org.junit.platform.launcher.core.DefaultLauncher.execute(DefaultLauncher.java:114)
	at org.junit.platform.launcher.core.DefaultLauncher.execute(DefaultLauncher.java:86)
	at org.junit.platform.launcher.core.DefaultLauncherSession$DelegatingLauncher.execute(DefaultLauncherSession.java:86)
	at org.junit.platform.launcher.core.SessionPerRequestLauncher.execute(SessionPerRequestLauncher.java:53)
	at org.gradle.api.internal.tasks.testing.junitplatform.JUnitPlatformTestClassProcessor$CollectAllTestClassesExecutor.processAllTestClasses(JUnitPlatformTestClassProcessor.java:99)
	at org.gradle.api.internal.tasks.testing.junitplatform.JUnitPlatformTestClassProcessor$CollectAllTestClassesExecutor.access$000(JUnitPlatformTestClassProcessor.java:79)
	at org.gradle.api.internal.tasks.testing.junitplatform.JUnitPlatformTestClassProcessor.stop(JUnitPlatformTestClassProcessor.java:75)
	at org.gradle.api.internal.tasks.testing.SuiteTestClassProcessor.stop(SuiteTestClassProcessor.java:61)
	at java.base/jdk.internal.reflect.NativeMethodAccessorImpl.invoke0(Native Method)
	at java.base/jdk.internal.reflect.NativeMethodAccessorImpl.invoke(NativeMethodAccessorImpl.java:78)
	at java.base/jdk.internal.reflect.DelegatingMethodAccessorImpl.invoke(DelegatingMethodAccessorImpl.java:43)
	at java.base/java.lang.reflect.Method.invoke(Method.java:567)
	at org.gradle.internal.dispatch.ReflectionDispatch.dispatch(ReflectionDispatch.java:36)
	at org.gradle.internal.dispatch.ReflectionDispatch.dispatch(ReflectionDispatch.java:24)
	at org.gradle.internal.dispatch.ContextClassLoaderDispatch.dispatch(ContextClassLoaderDispatch.java:33)
	at org.gradle.internal.dispatch.ProxyDispatchAdapter$DispatchingInvocationHandler.invoke(ProxyDispatchAdapter.java:94)
	at jdk.proxy1/jdk.proxy1.$Proxy2.stop(Unknown Source)
	at org.gradle.api.internal.tasks.testing.worker.TestWorker.stop(TestWorker.java:135)
	at java.base/jdk.internal.reflect.NativeMethodAccessorImpl.invoke0(Native Method)
	at java.base/jdk.internal.reflect.NativeMethodAccessorImpl.invoke(NativeMethodAccessorImpl.java:78)
	at java.base/jdk.internal.reflect.DelegatingMethodAccessorImpl.invoke(DelegatingMethodAccessorImpl.java:43)
	at java.base/java.lang.reflect.Method.invoke(Method.java:567)
	at org.gradle.internal.dispatch.ReflectionDispatch.dispatch(ReflectionDispatch.java:36)
	at org.gradle.internal.dispatch.ReflectionDispatch.dispatch(ReflectionDispatch.java:24)
	at org.gradle.internal.remote.internal.hub.MessageHubBackedObjectConnection$DispatchWrapper.dispatch(MessageHubBackedObjectConnection.java:182)
	at org.gradle.internal.remote.internal.hub.MessageHubBackedObjectConnection$DispatchWrapper.dispatch(MessageHubBackedObjectConnection.java:164)
	at org.gradle.internal.remote.internal.hub.MessageHub$Handler.run(MessageHub.java:414)
	at org.gradle.internal.concurrent.ExecutorPolicy$CatchAndRecordFailures.onExecute(ExecutorPolicy.java:64)
	at org.gradle.internal.concurrent.ManagedExecutorImpl$1.run(ManagedExecutorImpl.java:48)
	at java.base/java.util.concurrent.ThreadPoolExecutor.runWorker(ThreadPoolExecutor.java:1130)
	at java.base/java.util.concurrent.ThreadPoolExecutor$Worker.run(ThreadPoolExecutor.java:630)
	at org.gradle.internal.concurrent.ThreadFactoryImpl$ManagedThreadRunnable.run(ThreadFactoryImpl.java:56)
	at java.base/java.lang.Thread.run(Thread.java:831)
Caused by: java.lang.IllegalArgumentException: Cannot decode response content: {&quot;status&quot;:405,&quot;value&quot;:{&quot;message&quot;:&quot;Not implemented yet for pageLoad.&quot;,&quot;sessionId&quot;:&quot;b217c288b217fc86b8b3ebd66ced7b50b1923632&quot;,&quot;capabilities&quot;:{&quot;message&quot;:&quot;Not implemented yet for pageLoad.&quot;,&quot;sessionId&quot;:&quot;b217c288b217fc86b8b3ebd66ced7b50b1923632&quot;}},&quot;sessionId&quot;:&quot;b217c288b217fc86b8b3ebd66ced7b50b1923632&quot;}
	at org.openqa.selenium.remote.codec.AbstractHttpResponseCodec.decode(AbstractHttpResponseCodec.java:86)
	at org.openqa.selenium.remote.codec.AbstractHttpResponseCodec.decode(AbstractHttpResponseCodec.java:47)
	at org.openqa.selenium.remote.HttpCommandExecutor.execute(HttpCommandExecutor.java:184)
	at org.openqa.selenium.remote.TracedCommandExecutor.execute(TracedCommandExecutor.java:51)
	at org.openqa.selenium.remote.RemoteWebDriver.execute(RemoteWebDriver.java:543)
	... 118 more
Caused by: org.openqa.selenium.json.JsonException: Unable to parse: {&quot;status&quot;:405,&quot;value&quot;:{&quot;message&quot;:&quot;Not implemented yet for pageLoad.&quot;,&quot;sessionId&quot;:&quot;b217c288b217fc86b8b3ebd66ced7b50b1923632&quot;,&quot;capabilities&quot;:{&quot;message&quot;:&quot;Not implemented yet for pageLoad.&quot;,&quot;sessionId&quot;:&quot;b217c288b217fc86b8b3ebd66ced7b50b1923632&quot;}},&quot;sessionId&quot;:&quot;b217c288b217fc86b8b3ebd66ced7b50b1923632&quot;}
	at org.openqa.selenium.json.Json.toType(Json.java:57)
	at org.openqa.selenium.json.Json.toType(Json.java:50)
	at org.openqa.selenium.remote.codec.AbstractHttpResponseCodec.decode(AbstractHttpResponseCodec.java:83)
	... 122 more
Caused by: org.openqa.selenium.json.JsonException: Unable to create instance of class org.openqa.selenium.remote.Response
Build info: version: '4.8.1', revision: '8ebccac989'
System info: os.name: 'Windows 10', os.arch: 'amd64', os.version: '10.0', java.version: '16.0.2'
Driver info: driver.version: SelenideDriver
	at org.openqa.selenium.json.StaticInitializerCoercer.lambda$apply$0(StaticInitializerCoercer.java:61)
	at org.openqa.selenium.json.JsonTypeCoercer.lambda$buildCoercer$6(JsonTypeCoercer.java:145)
	at org.openqa.selenium.json.JsonTypeCoercer.coerce(JsonTypeCoercer.java:127)
	at org.openqa.selenium.json.Json.toType(Json.java:71)
	at org.openqa.selenium.json.Json.toType(Json.java:55)
	... 124 more
Caused by: java.lang.reflect.InvocationTargetException
	at java.base/jdk.internal.reflect.NativeMethodAccessorImpl.invoke0(Native Method)
	at java.base/jdk.internal.reflect.NativeMethodAccessorImpl.invoke(NativeMethodAccessorImpl.java:78)
	at java.base/jdk.internal.reflect.DelegatingMethodAccessorImpl.invoke(DelegatingMethodAccessorImpl.java:43)
	at java.base/java.lang.reflect.Method.invoke(Method.java:567)
	at org.openqa.selenium.json.StaticInitializerCoercer.lambda$apply$0(StaticInitializerCoercer.java:59)
	... 128 more
Caused by: java.lang.IllegalArgumentException: expected one element but was: &lt;unknown method, unsupported operation&gt;
	at com.google.common.collect.Iterators.getOnlyElement(Iterators.java:323)
	at com.google.common.collect.Iterators.getOnlyElement(Iterators.java:336)
	at com.google.common.collect.Iterables.getOnlyElement(Iterables.java:278)
	at org.openqa.selenium.remote.ErrorCodes.toState(ErrorCodes.java:181)
	at org.openqa.selenium.remote.Response.fromJson(Response.java:118)
	... 133 more
[Test worker] INFO com.codeborne.selenide.webdriver.WebDriverFactory - BrowserName= Version= Platform=ANDROID
[Test worker] INFO com.codeborne.selenide.webdriver.WebDriverFactory - Selenide v. 6.12.3
[Test worker] INFO com.codeborne.selenide.webdriver.WebDriverFactory - Selenium WebDriver v. 4.8.1 build revision: 8ebccac989
[Test worker] INFO com.codeborne.selenide.drivercommands.CreateDriverCommand - Created webdriver in thread 16: RemoteWebDriver -&gt; RemoteWebDriver:  on ANDROID (b217c288b217fc86b8b3ebd66ced7b50b1923632)
[Test worker] INFO com.codeborne.selenide.drivercommands.DisposablesRegistry - Register WebDriverInstance[config=StaticConfig,webDriver=RemoteWebDriver:  on ANDROID (b217c288b217fc86b8b3ebd66ced7b50b1923632),proxy=null,downloadsFolder=C:\Users\Artem\Desktop\guru_mobile-master\build\downloads\1682276656757_2844_16] in 16 [size=1]
[Test worker] INFO com.codeborne.selenide.drivercommands.DisposablesRegistry - Add shutdown hook in 16 [size=1]
[Test worker] INFO com.codeborne.selenide.impl.FileHelper - Deleted empty folder: C:\Users\Artem\Desktop\guru_mobile-master\build\downloads\1682276656757_2844_16
[Test worker] INFO com.codeborne.selenide.drivercommands.CloseDriverCommand - Close webdriver: 16 -&gt; RemoteWebDriver:  on ANDROID (b217c288b217fc86b8b3ebd66ced7b50b1923632)...
[Test worker] INFO com.codeborne.selenide.drivercommands.CloseDriverCommand - Closed webdriver 16 in 860 ms
[Test worker] INFO com.codeborne.selenide.drivercommands.DisposablesRegistry - Unregister WebDriverInstance[config=StaticConfig,webDriver=RemoteWebDriver:  on ANDROID (null),proxy=null,downloadsFolder=C:\Users\Artem\Desktop\guru_mobile-master\build\downloads\1682276656757_2844_16] in 16 [size=0]
[Test worker] INFO com.codeborne.selenide.impl.WebDriverThreadLocalContainer - No webdriver is bound to current thread: 16 - let's create a new webdriver
[Test worker] INFO com.codeborne.selenide.impl.FileHelper - Creating folder: C:\Users\Artem\Desktop\guru_mobile-master\build\downloads\1682276709221_2844_16
[Test worker] INFO com.codeborne.selenide.webdriver.SelenideNettyClientFactory - Changed readTimeout from PT3M to PT1M30S
апр. 23, 2023 10:05:09 PM org.openqa.selenium.remote.RemoteWebDriver checkNonW3CCapabilities
WARNING: Support for Legacy Capabilities is deprecated; You are sending the following invalid capabilities: [app, browserstack.key, browserstack.user, build, device, name, os_version, project]; Please update to W3C Syntax: https://www.selenium.dev/blog/2022/legacy-protocol-support/
апр. 23, 2023 10:05:46 PM org.openqa.selenium.remote.ProtocolHandshake createSession
WARNING: Support for Legacy Capabilities is deprecated; You are sending the following invalid capabilities: [app, browserstack.key, browserstack.user, build, device, name, os_version, project]; Please update to W3C Syntax: https://www.selenium.dev/blog/2022/legacy-protocol-support/
[Test worker] ERROR com.codeborne.selenide.webdriver.WebDriverFactory - Failed to set page load timeout to 30000 ms
org.openqa.selenium.remote.UnreachableBrowserException: Error communicating with the remote browser. It may have died.
Build info: version: '4.8.1', revision: '8ebccac989'
System info: os.name: 'Windows 10', os.arch: 'amd64', os.version: '10.0', java.version: '16.0.2'
Driver info: org.openqa.selenium.remote.RemoteWebDriver
Command: [eedcc626e43dfab3a52e07f75fbf2c934922a150, setTimeout {pageLoad=30000}]
Capabilities {64bit: false, acceptInsecureCerts: true, acceptSslCert: true, acceptSslCerts: true, adbExecTimeout: 120000, appActivity: ru.vkusvill.activities.Tuto..., appPackage: ru.vkusvill, automationName: uiautomator2, browserstack.appium_version: 1.17.0, browserstack.is_hub_canary: false, browserstack.minOSVersion: 5.0, buildName: browserstack-build-1, bundleID: ru.vkusvill, bundleId: ru.vkusvill, capabilities: {64bit: false, acceptInsecureCerts: true, acceptSslCert: true, acceptSslCerts: true, adbExecTimeout: 120000, appActivity: ru.vkusvill.activities.Tuto..., appPackage: ru.vkusvill, automationName: uiautomator2, browserstack.appium_version: 1.17.0, browserstack.is_hub_canary: false, browserstack.minOSVersion: 5.0, buildName: browserstack-build-1, bundleID: ru.vkusvill, bundleId: ru.vkusvill, chromeOptions: {args: [--ignore-certificate-errors], w3c: false}, chromedriverPort: 18081, chromedriverPorts: [[18111, 18121]], databaseEnabled: false, detected_language: selenium/4.8.1 (java windows), device: google pixel 3, deviceApiLevel: 28, deviceManufacturer: Google, deviceModel: Pixel 3, deviceName: 8CBX1LWGS, deviceScreenDensity: 440, deviceScreenSize: 1080x2160, deviceUDID: 8CBX1LWGS, disableSuppressAccessibilityService: true, enablePerformanceLogging: false, javascriptEnabled: true, locationContextEnabled: false, mobile: {browser: mobile, version: Google Pixel 3-9.0}, nativeWebScreenshot: true, networkConnectionEnabled: true, newCommandTimeout: 0, new_bucketing: true, orig_os: android, osVersion: 9.0, os_version: 9.0, pageLoadStrategy: normal, pixelRatio: 2.75, platform: ANDROID, platformName: Android, platformVersion: 9, projectName: First Java Project, realMobile: true, sessionId: eedcc626e43dfab3a52e07f75fb..., sessionName: first_test, skipServerInstallation: true, statBarHeight: 66, systemPort: 8201, takesScreenshot: true, udid: 8CBX1LWGS, uiautomator2ServerLaunchTimeout: 60000, unhandledPromptBehavior: accept, version: , viewportRect: {height: 1962, left: 0, top: 66, width: 1080}, warnings: {}, webStorageEnabled: false}, chromeOptions: {args: [--ignore-certificate-errors], w3c: false}, chromedriverPort: 18081, chromedriverPorts: [[18111, 18121]], databaseEnabled: false, detected_language: selenium/4.8.1 (java windows), device: google pixel 3, deviceApiLevel: 28, deviceManufacturer: Google, deviceModel: Pixel 3, deviceName: 8CBX1LWGS, deviceScreenDensity: 440, deviceScreenSize: 1080x2160, deviceUDID: 8CBX1LWGS, disableSuppressAccessibilityService: true, enablePerformanceLogging: false, javascriptEnabled: true, locationContextEnabled: false, mobile: {browser: mobile, version: Google Pixel 3-9.0}, nativeWebScreenshot: true, networkConnectionEnabled: true, newCommandTimeout: 0, new_bucketing: true, orig_os: android, osVersion: 9.0, os_version: 9.0, pageLoadStrategy: normal, pixelRatio: 2.75, platform: ANDROID, platformName: ANDROID, platformVersion: 9, projectName: First Java Project, realMobile: true, sessionId: eedcc626e43dfab3a52e07f75fb..., sessionName: first_test, skipServerInstallation: true, statBarHeight: 66, systemPort: 8201, takesScreenshot: true, udid: 8CBX1LWGS, uiautomator2ServerLaunchTimeout: 60000, unhandledPromptBehavior: accept, version: , viewportRect: {height: 1962, left: 0, top: 66, width: 1080}, warnings: {}, webStorageEnabled: false}
Session ID: eedcc626e43dfab3a52e07f75fbf2c934922a150
	at org.openqa.selenium.remote.RemoteWebDriver.execute(RemoteWebDriver.java:567)
	at org.openqa.selenium.remote.RemoteWebDriver$RemoteWebDriverOptions$RemoteTimeouts.pageLoadTimeout(RemoteWebDriver.java:899)
	at com.codeborne.selenide.webdriver.WebDriverFactory.setLoadTimeout(WebDriverFactory.java:95)
	at com.codeborne.selenide.webdriver.WebDriverFactory.createWebDriver(WebDriverFactory.java:72)
	at com.codeborne.selenide.drivercommands.CreateDriverCommand.lambda$createDriver$0(CreateDriverCommand.java:76)
	at com.codeborne.selenide.logevents.SelenideLogger.get(SelenideLogger.java:118)
	at com.codeborne.selenide.drivercommands.CreateDriverCommand.createDriver(CreateDriverCommand.java:52)
	at com.codeborne.selenide.impl.WebDriverThreadLocalContainer.createDriver(WebDriverThreadLocalContainer.java:186)
	at com.codeborne.selenide.impl.WebDriverThreadLocalContainer.getAndCheckWebDriver(WebDriverThreadLocalContainer.java:155)
	at com.codeborne.selenide.WebDriverRunner.getAndCheckWebDriver(WebDriverRunner.java:130)
	at com.codeborne.selenide.impl.StaticDriver.getAndCheckWebDriver(StaticDriver.java:65)
	at com.codeborne.selenide.SelenideDriver.getAndCheckWebDriver(SelenideDriver.java:220)
	at com.codeborne.selenide.logevents.SelenideLogger.run(SelenideLogger.java:105)
	at com.codeborne.selenide.drivercommands.Navigator.open(Navigator.java:89)
	at com.codeborne.selenide.SelenideDriver.open(SelenideDriver.java:97)
	at com.codeborne.selenide.Selenide.open(Selenide.java:128)
	at tests.TestBase.addListener(TestBase.java:45)
	at java.base/jdk.internal.reflect.NativeMethodAccessorImpl.invoke0(Native Method)
	at java.base/jdk.internal.reflect.NativeMethodAccessorImpl.invoke(NativeMethodAccessorImpl.java:78)
	at java.base/jdk.internal.reflect.DelegatingMethodAccessorImpl.invoke(DelegatingMethodAccessorImpl.java:43)
	at java.base/java.lang.reflect.Method.invoke(Method.java:567)
	at org.junit.platform.commons.util.ReflectionUtils.invokeMethod(ReflectionUtils.java:727)
	at org.junit.jupiter.engine.execution.MethodInvocation.proceed(MethodInvocation.java:60)
	at org.junit.jupiter.engine.execution.InvocationInterceptorChain$ValidatingInvocation.proceed(InvocationInterceptorChain.java:131)
	at io.qameta.allure.junit5.AllureJunit5.processFixture(AllureJunit5.java:138)
	at io.qameta.allure.junit5.AllureJunit5.interceptBeforeEachMethod(AllureJunit5.java:116)
	at org.junit.jupiter.engine.execution.InterceptingExecutableInvoker$ReflectiveInterceptorCall.lambda$ofVoidMethod$0(InterceptingExecutableInvoker.java:103)
	at org.junit.jupiter.engine.execution.InterceptingExecutableInvoker.lambda$invoke$0(InterceptingExecutableInvoker.java:93)
	at org.junit.jupiter.engine.execution.InvocationInterceptorChain$InterceptedInvocation.proceed(InvocationInterceptorChain.java:106)
	at org.junit.jupiter.engine.extension.TimeoutExtension.intercept(TimeoutExtension.java:156)
	at org.junit.jupiter.engine.extension.TimeoutExtension.interceptLifecycleMethod(TimeoutExtension.java:128)
	at org.junit.jupiter.engine.extension.TimeoutExtension.interceptBeforeEachMethod(TimeoutExtension.java:78)
	at org.junit.jupiter.engine.execution.InterceptingExecutableInvoker$ReflectiveInterceptorCall.lambda$ofVoidMethod$0(InterceptingExecutableInvoker.java:103)
	at org.junit.jupiter.engine.execution.InterceptingExecutableInvoker.lambda$invoke$0(InterceptingExecutableInvoker.java:93)
	at org.junit.jupiter.engine.execution.InvocationInterceptorChain$InterceptedInvocation.proceed(InvocationInterceptorChain.java:106)
	at org.junit.jupiter.engine.execution.InvocationInterceptorChain.proceed(InvocationInterceptorChain.java:64)
	at org.junit.jupiter.engine.execution.InvocationInterceptorChain.chainAndInvoke(InvocationInterceptorChain.java:45)
	at org.junit.jupiter.engine.execution.InvocationInterceptorChain.invoke(InvocationInterceptorChain.java:37)
	at org.junit.jupiter.engine.execution.InterceptingExecutableInvoker.invoke(InterceptingExecutableInvoker.java:92)
	at org.junit.jupiter.engine.execution.InterceptingExecutableInvoker.invoke(InterceptingExecutableInvoker.java:86)
	at org.junit.jupiter.engine.descriptor.ClassBasedTestDescriptor.invokeMethodInExtensionContext(ClassBasedTestDescriptor.java:520)
	at org.junit.jupiter.engine.descriptor.ClassBasedTestDescriptor.lambda$synthesizeBeforeEachMethodAdapter$23(ClassBasedTestDescriptor.java:505)
	at org.junit.jupiter.engine.descriptor.TestMethodTestDescriptor.lambda$invokeBeforeEachMethods$3(TestMethodTestDescriptor.java:174)
	at org.junit.jupiter.engine.descriptor.TestMethodTestDescriptor.lambda$invokeBeforeMethodsOrCallbacksUntilExceptionOccurs$6(TestMethodTestDescriptor.java:202)
	at org.junit.platform.engine.support.hierarchical.ThrowableCollector.execute(ThrowableCollector.java:73)
	at org.junit.jupiter.engine.descriptor.TestMethodTestDescriptor.invokeBeforeMethodsOrCallbacksUntilExceptionOccurs(TestMethodTestDescriptor.java:202)
	at org.junit.jupiter.engine.descriptor.TestMethodTestDescriptor.invokeBeforeEachMethods(TestMethodTestDescriptor.java:171)
	at org.junit.jupiter.engine.descriptor.TestMethodTestDescriptor.execute(TestMethodTestDescriptor.java:134)
	at org.junit.jupiter.engine.descriptor.TestMethodTestDescriptor.execute(TestMethodTestDescriptor.java:68)
	at org.junit.platform.engine.support.hierarchical.NodeTestTask.lambda$executeRecursively$6(NodeTestTask.java:151)
	at org.junit.platform.engine.support.hierarchical.ThrowableCollector.execute(ThrowableCollector.java:73)
	at org.junit.platform.engine.support.hierarchical.NodeTestTask.lambda$executeRecursively$8(NodeTestTask.java:141)
	at org.junit.platform.engine.support.hierarchical.Node.around(Node.java:137)
	at org.junit.platform.engine.support.hierarchical.NodeTestTask.lambda$executeRecursively$9(NodeTestTask.java:139)
	at org.junit.platform.engine.support.hierarchical.ThrowableCollector.execute(ThrowableCollector.java:73)
	at org.junit.platform.engine.support.hierarchical.NodeTestTask.executeRecursively(NodeTestTask.java:138)
	at org.junit.platform.engine.support.hierarchical.NodeTestTask.execute(NodeTestTask.java:95)
	at java.base/java.util.ArrayList.forEach(ArrayList.java:1511)
	at org.junit.platform.engine.support.hierarchical.SameThreadHierarchicalTestExecutorService.invokeAll(SameThreadHierarchicalTestExecutorService.java:41)
	at org.junit.platform.engine.support.hierarchical.NodeTestTask.lambda$executeRecursively$6(NodeTestTask.java:155)
	at org.junit.platform.engine.support.hierarchical.ThrowableCollector.execute(ThrowableCollector.java:73)
	at org.junit.platform.engine.support.hierarchical.NodeTestTask.lambda$executeRecursively$8(NodeTestTask.java:141)
	at org.junit.platform.engine.support.hierarchical.Node.around(Node.java:137)
	at org.junit.platform.engine.support.hierarchical.NodeTestTask.lambda$executeRecursively$9(NodeTestTask.java:139)
	at org.junit.platform.engine.support.hierarchical.ThrowableCollector.execute(ThrowableCollector.java:73)
	at org.junit.platform.engine.support.hierarchical.NodeTestTask.executeRecursively(NodeTestTask.java:138)
	at org.junit.platform.engine.support.hierarchical.NodeTestTask.execute(NodeTestTask.java:95)
	at java.base/java.util.ArrayList.forEach(ArrayList.java:1511)
	at org.junit.platform.engine.support.hierarchical.SameThreadHierarchicalTestExecutorService.invokeAll(SameThreadHierarchicalTestExecutorService.java:41)
	at org.junit.platform.engine.support.hierarchical.NodeTestTask.lambda$executeRecursively$6(NodeTestTask.java:155)
	at org.junit.platform.engine.support.hierarchical.ThrowableCollector.execute(ThrowableCollector.java:73)
	at org.junit.platform.engine.support.hierarchical.NodeTestTask.lambda$executeRecursively$8(NodeTestTask.java:141)
	at org.junit.platform.engine.support.hierarchical.Node.around(Node.java:137)
	at org.junit.platform.engine.support.hierarchical.NodeTestTask.lambda$executeRecursively$9(NodeTestTask.java:139)
	at org.junit.platform.engine.support.hierarchical.ThrowableCollector.execute(ThrowableCollector.java:73)
	at org.junit.platform.engine.support.hierarchical.NodeTestTask.executeRecursively(NodeTestTask.java:138)
	at org.junit.platform.engine.support.hierarchical.NodeTestTask.execute(NodeTestTask.java:95)
	at org.junit.platform.engine.support.hierarchical.SameThreadHierarchicalTestExecutorService.submit(SameThreadHierarchicalTestExecutorService.java:35)
	at org.junit.platform.engine.support.hierarchical.HierarchicalTestExecutor.execute(HierarchicalTestExecutor.java:57)
	at org.junit.platform.engine.support.hierarchical.HierarchicalTestEngine.execute(HierarchicalTestEngine.java:54)
	at org.junit.platform.launcher.core.EngineExecutionOrchestrator.execute(EngineExecutionOrchestrator.java:147)
	at org.junit.platform.launcher.core.EngineExecutionOrchestrator.execute(EngineExecutionOrchestrator.java:127)
	at org.junit.platform.launcher.core.EngineExecutionOrchestrator.execute(EngineExecutionOrchestrator.java:90)
	at org.junit.platform.launcher.core.EngineExecutionOrchestrator.lambda$execute$0(EngineExecutionOrchestrator.java:55)
	at org.junit.platform.launcher.core.EngineExecutionOrchestrator.withInterceptedStreams(EngineExecutionOrchestrator.java:102)
	at org.junit.platform.launcher.core.EngineExecutionOrchestrator.execute(EngineExecutionOrchestrator.java:54)
	at org.junit.platform.launcher.core.DefaultLauncher.execute(DefaultLauncher.java:114)
	at org.junit.platform.launcher.core.DefaultLauncher.execute(DefaultLauncher.java:86)
	at org.junit.platform.launcher.core.DefaultLauncherSession$DelegatingLauncher.execute(DefaultLauncherSession.java:86)
	at org.junit.platform.launcher.core.SessionPerRequestLauncher.execute(SessionPerRequestLauncher.java:53)
	at org.gradle.api.internal.tasks.testing.junitplatform.JUnitPlatformTestClassProcessor$CollectAllTestClassesExecutor.processAllTestClasses(JUnitPlatformTestClassProcessor.java:99)
	at org.gradle.api.internal.tasks.testing.junitplatform.JUnitPlatformTestClassProcessor$CollectAllTestClassesExecutor.access$000(JUnitPlatformTestClassProcessor.java:79)
	at org.gradle.api.internal.tasks.testing.junitplatform.JUnitPlatformTestClassProcessor.stop(JUnitPlatformTestClassProcessor.java:75)
	at org.gradle.api.internal.tasks.testing.SuiteTestClassProcessor.stop(SuiteTestClassProcessor.java:61)
	at java.base/jdk.internal.reflect.NativeMethodAccessorImpl.invoke0(Native Method)
	at java.base/jdk.internal.reflect.NativeMethodAccessorImpl.invoke(NativeMethodAccessorImpl.java:78)
	at java.base/jdk.internal.reflect.DelegatingMethodAccessorImpl.invoke(DelegatingMethodAccessorImpl.java:43)
	at java.base/java.lang.reflect.Method.invoke(Method.java:567)
	at org.gradle.internal.dispatch.ReflectionDispatch.dispatch(ReflectionDispatch.java:36)
	at org.gradle.internal.dispatch.ReflectionDispatch.dispatch(ReflectionDispatch.java:24)
	at org.gradle.internal.dispatch.ContextClassLoaderDispatch.dispatch(ContextClassLoaderDispatch.java:33)
	at org.gradle.internal.dispatch.ProxyDispatchAdapter$DispatchingInvocationHandler.invoke(ProxyDispatchAdapter.java:94)
	at jdk.proxy1/jdk.proxy1.$Proxy2.stop(Unknown Source)
	at org.gradle.api.internal.tasks.testing.worker.TestWorker.stop(TestWorker.java:135)
	at java.base/jdk.internal.reflect.NativeMethodAccessorImpl.invoke0(Native Method)
	at java.base/jdk.internal.reflect.NativeMethodAccessorImpl.invoke(NativeMethodAccessorImpl.java:78)
	at java.base/jdk.internal.reflect.DelegatingMethodAccessorImpl.invoke(DelegatingMethodAccessorImpl.java:43)
	at java.base/java.lang.reflect.Method.invoke(Method.java:567)
	at org.gradle.internal.dispatch.ReflectionDispatch.dispatch(ReflectionDispatch.java:36)
	at org.gradle.internal.dispatch.ReflectionDispatch.dispatch(ReflectionDispatch.java:24)
	at org.gradle.internal.remote.internal.hub.MessageHubBackedObjectConnection$DispatchWrapper.dispatch(MessageHubBackedObjectConnection.java:182)
	at org.gradle.internal.remote.internal.hub.MessageHubBackedObjectConnection$DispatchWrapper.dispatch(MessageHubBackedObjectConnection.java:164)
	at org.gradle.internal.remote.internal.hub.MessageHub$Handler.run(MessageHub.java:414)
	at org.gradle.internal.concurrent.ExecutorPolicy$CatchAndRecordFailures.onExecute(ExecutorPolicy.java:64)
	at org.gradle.internal.concurrent.ManagedExecutorImpl$1.run(ManagedExecutorImpl.java:48)
	at java.base/java.util.concurrent.ThreadPoolExecutor.runWorker(ThreadPoolExecutor.java:1130)
	at java.base/java.util.concurrent.ThreadPoolExecutor$Worker.run(ThreadPoolExecutor.java:630)
	at org.gradle.internal.concurrent.ThreadFactoryImpl$ManagedThreadRunnable.run(ThreadFactoryImpl.java:56)
	at java.base/java.lang.Thread.run(Thread.java:831)
Caused by: java.lang.IllegalArgumentException: Cannot decode response content: {&quot;status&quot;:405,&quot;value&quot;:{&quot;message&quot;:&quot;Not implemented yet for pageLoad.&quot;,&quot;sessionId&quot;:&quot;eedcc626e43dfab3a52e07f75fbf2c934922a150&quot;,&quot;capabilities&quot;:{&quot;message&quot;:&quot;Not implemented yet for pageLoad.&quot;,&quot;sessionId&quot;:&quot;eedcc626e43dfab3a52e07f75fbf2c934922a150&quot;}},&quot;sessionId&quot;:&quot;eedcc626e43dfab3a52e07f75fbf2c934922a150&quot;}
	at org.openqa.selenium.remote.codec.AbstractHttpResponseCodec.decode(AbstractHttpResponseCodec.java:86)
	at org.openqa.selenium.remote.codec.AbstractHttpResponseCodec.decode(AbstractHttpResponseCodec.java:47)
	at org.openqa.selenium.remote.HttpCommandExecutor.execute(HttpCommandExecutor.java:184)
	at org.openqa.selenium.remote.TracedCommandExecutor.execute(TracedCommandExecutor.java:51)
	at org.openqa.selenium.remote.RemoteWebDriver.execute(RemoteWebDriver.java:543)
	... 118 more
Caused by: org.openqa.selenium.json.JsonException: Unable to parse: {&quot;status&quot;:405,&quot;value&quot;:{&quot;message&quot;:&quot;Not implemented yet for pageLoad.&quot;,&quot;sessionId&quot;:&quot;eedcc626e43dfab3a52e07f75fbf2c934922a150&quot;,&quot;capabilities&quot;:{&quot;message&quot;:&quot;Not implemented yet for pageLoad.&quot;,&quot;sessionId&quot;:&quot;eedcc626e43dfab3a52e07f75fbf2c934922a150&quot;}},&quot;sessionId&quot;:&quot;eedcc626e43dfab3a52e07f75fbf2c934922a150&quot;}
	at org.openqa.selenium.json.Json.toType(Json.java:57)
	at org.openqa.selenium.json.Json.toType(Json.java:50)
	at org.openqa.selenium.remote.codec.AbstractHttpResponseCodec.decode(AbstractHttpResponseCodec.java:83)
	... 122 more
Caused by: org.openqa.selenium.json.JsonException: Unable to create instance of class org.openqa.selenium.remote.Response
Build info: version: '4.8.1', revision: '8ebccac989'
System info: os.name: 'Windows 10', os.arch: 'amd64', os.version: '10.0', java.version: '16.0.2'
Driver info: driver.version: SelenideDriver
	at org.openqa.selenium.json.StaticInitializerCoercer.lambda$apply$0(StaticInitializerCoercer.java:61)
	at org.openqa.selenium.json.JsonTypeCoercer.lambda$buildCoercer$6(JsonTypeCoercer.java:145)
	at org.openqa.selenium.json.JsonTypeCoercer.coerce(JsonTypeCoercer.java:127)
	at org.openqa.selenium.json.Json.toType(Json.java:71)
	at org.openqa.selenium.json.Json.toType(Json.java:55)
	... 124 more
Caused by: java.lang.reflect.InvocationTargetException
	at jdk.internal.reflect.GeneratedMethodAccessor1.invoke(Unknown Source)
	at java.base/jdk.internal.reflect.DelegatingMethodAccessorImpl.invoke(DelegatingMethodAccessorImpl.java:43)
	at java.base/java.lang.reflect.Method.invoke(Method.java:567)
	at org.openqa.selenium.json.StaticInitializerCoercer.lambda$apply$0(StaticInitializerCoercer.java:59)
	... 128 more
Caused by: java.lang.IllegalArgumentException: expected one element but was: &lt;unknown method, unsupported operation&gt;
	at com.google.common.collect.Iterators.getOnlyElement(Iterators.java:323)
	at com.google.common.collect.Iterators.getOnlyElement(Iterators.java:336)
	at com.google.common.collect.Iterables.getOnlyElement(Iterables.java:278)
	at org.openqa.selenium.remote.ErrorCodes.toState(ErrorCodes.java:181)
	at org.openqa.selenium.remote.Response.fromJson(Response.java:118)
	... 132 more
[Test worker] INFO com.codeborne.selenide.webdriver.WebDriverFactory - BrowserName= Version= Platform=ANDROID
[Test worker] INFO com.codeborne.selenide.webdriver.WebDriverFactory - Selenide v. 6.12.3
[Test worker] INFO com.codeborne.selenide.webdriver.WebDriverFactory - Selenium WebDriver v. 4.8.1 build revision: 8ebccac989
[Test worker] INFO com.codeborne.selenide.drivercommands.CreateDriverCommand - Created webdriver in thread 16: RemoteWebDriver -&gt; RemoteWebDriver:  on ANDROID (eedcc626e43dfab3a52e07f75fbf2c934922a150)
[Test worker] INFO com.codeborne.selenide.drivercommands.DisposablesRegistry - Register WebDriverInstance[config=StaticConfig,webDriver=RemoteWebDriver:  on ANDROID (eedcc626e43dfab3a52e07f75fbf2c934922a150),proxy=null,downloadsFolder=C:\Users\Artem\Desktop\guru_mobile-master\build\downloads\1682276709221_2844_16] in 16 [size=1]
[Test worker] INFO com.codeborne.selenide.impl.FileHelper - Deleted empty folder: C:\Users\Artem\Desktop\guru_mobile-master\build\downloads\1682276709221_2844_16
[Test worker] INFO com.codeborne.selenide.drivercommands.CloseDriverCommand - Close webdriver: 16 -&gt; RemoteWebDriver:  on ANDROID (eedcc626e43dfab3a52e07f75fbf2c934922a150)...
[Test worker] INFO com.codeborne.selenide.drivercommands.CloseDriverCommand - Closed webdriver 16 in 783 ms
[Test worker] INFO com.codeborne.selenide.drivercommands.DisposablesRegistry - Unregister WebDriverInstance[config=StaticConfig,webDriver=RemoteWebDriver:  on ANDROID (null),proxy=null,downloadsFolder=C:\Users\Artem\Desktop\guru_mobile-master\build\downloads\1682276709221_2844_16] in 16 [size=0]
[Test worker] INFO com.codeborne.selenide.impl.WebDriverThreadLocalContainer - No webdriver is bound to current thread: 16 - let's create a new webdriver
[Test worker] INFO com.codeborne.selenide.impl.FileHelper - Creating folder: C:\Users\Artem\Desktop\guru_mobile-master\build\downloads\1682276755232_2844_16
[Test worker] INFO com.codeborne.selenide.webdriver.SelenideNettyClientFactory - Changed readTimeout from PT3M to PT1M30S
апр. 23, 2023 10:05:55 PM org.openqa.selenium.remote.RemoteWebDriver checkNonW3CCapabilities
WARNING: Support for Legacy Capabilities is deprecated; You are sending the following invalid capabilities: [app, browserstack.key, browserstack.user, build, device, name, os_version, project]; Please update to W3C Syntax: https://www.selenium.dev/blog/2022/legacy-protocol-support/
апр. 23, 2023 10:06:33 PM org.openqa.selenium.remote.ProtocolHandshake createSession
WARNING: Support for Legacy Capabilities is deprecated; You are sending the following invalid capabilities: [app, browserstack.key, browserstack.user, build, device, name, os_version, project]; Please update to W3C Syntax: https://www.selenium.dev/blog/2022/legacy-protocol-support/
[Test worker] ERROR com.codeborne.selenide.webdriver.WebDriverFactory - Failed to set page load timeout to 30000 ms
org.openqa.selenium.remote.UnreachableBrowserException: Error communicating with the remote browser. It may have died.
Build info: version: '4.8.1', revision: '8ebccac989'
System info: os.name: 'Windows 10', os.arch: 'amd64', os.version: '10.0', java.version: '16.0.2'
Driver info: org.openqa.selenium.remote.RemoteWebDriver
Command: [16191f3f757c0f7a4a910b48c9a54a7a31f6c7be, setTimeout {pageLoad=30000}]
Capabilities {64bit: false, acceptInsecureCerts: true, acceptSslCert: true, acceptSslCerts: true, adbExecTimeout: 120000, appActivity: ru.vkusvill.activities.Tuto..., appPackage: ru.vkusvill, automationName: uiautomator2, browserstack.appium_version: 1.17.0, browserstack.is_hub_canary: false, browserstack.minOSVersion: 5.0, buildName: browserstack-build-1, bundleID: ru.vkusvill, bundleId: ru.vkusvill, capabilities: {64bit: false, acceptInsecureCerts: true, acceptSslCert: true, acceptSslCerts: true, adbExecTimeout: 120000, appActivity: ru.vkusvill.activities.Tuto..., appPackage: ru.vkusvill, automationName: uiautomator2, browserstack.appium_version: 1.17.0, browserstack.is_hub_canary: false, browserstack.minOSVersion: 5.0, buildName: browserstack-build-1, bundleID: ru.vkusvill, bundleId: ru.vkusvill, chromeOptions: {args: [--ignore-certificate-errors], w3c: false}, chromedriverPort: 18080, chromedriverPorts: [[18100, 18110]], databaseEnabled: false, detected_language: selenium/4.8.1 (java windows), device: google pixel 3, deviceApiLevel: 28, deviceManufacturer: Google, deviceModel: Pixel 3, deviceName: 8ABX0PKK4, deviceScreenDensity: 440, deviceScreenSize: 1080x2160, deviceUDID: 8ABX0PKK4, disableSuppressAccessibilityService: true, enablePerformanceLogging: false, javascriptEnabled: true, locationContextEnabled: false, mobile: {browser: mobile, version: Google Pixel 3-9.0}, nativeWebScreenshot: true, networkConnectionEnabled: true, newCommandTimeout: 0, new_bucketing: true, orig_os: android, osVersion: 9.0, os_version: 9.0, pageLoadStrategy: normal, pixelRatio: 2.75, platform: ANDROID, platformName: Android, platformVersion: 9, projectName: First Java Project, realMobile: true, sessionId: 16191f3f757c0f7a4a910b48c9a..., sessionName: first_test, skipServerInstallation: true, statBarHeight: 66, systemPort: 8200, takesScreenshot: true, udid: 8ABX0PKK4, uiautomator2ServerLaunchTimeout: 60000, unhandledPromptBehavior: accept, version: , viewportRect: {height: 1962, left: 0, top: 66, width: 1080}, warnings: {}, webStorageEnabled: false}, chromeOptions: {args: [--ignore-certificate-errors], w3c: false}, chromedriverPort: 18080, chromedriverPorts: [[18100, 18110]], databaseEnabled: false, detected_language: selenium/4.8.1 (java windows), device: google pixel 3, deviceApiLevel: 28, deviceManufacturer: Google, deviceModel: Pixel 3, deviceName: 8ABX0PKK4, deviceScreenDensity: 440, deviceScreenSize: 1080x2160, deviceUDID: 8ABX0PKK4, disableSuppressAccessibilityService: true, enablePerformanceLogging: false, javascriptEnabled: true, locationContextEnabled: false, mobile: {browser: mobile, version: Google Pixel 3-9.0}, nativeWebScreenshot: true, networkConnectionEnabled: true, newCommandTimeout: 0, new_bucketing: true, orig_os: android, osVersion: 9.0, os_version: 9.0, pageLoadStrategy: normal, pixelRatio: 2.75, platform: ANDROID, platformName: ANDROID, platformVersion: 9, projectName: First Java Project, realMobile: true, sessionId: 16191f3f757c0f7a4a910b48c9a..., sessionName: first_test, skipServerInstallation: true, statBarHeight: 66, systemPort: 8200, takesScreenshot: true, udid: 8ABX0PKK4, uiautomator2ServerLaunchTimeout: 60000, unhandledPromptBehavior: accept, version: , viewportRect: {height: 1962, left: 0, top: 66, width: 1080}, warnings: {}, webStorageEnabled: false}
Session ID: 16191f3f757c0f7a4a910b48c9a54a7a31f6c7be
	at org.openqa.selenium.remote.RemoteWebDriver.execute(RemoteWebDriver.java:567)
	at org.openqa.selenium.remote.RemoteWebDriver$RemoteWebDriverOptions$RemoteTimeouts.pageLoadTimeout(RemoteWebDriver.java:899)
	at com.codeborne.selenide.webdriver.WebDriverFactory.setLoadTimeout(WebDriverFactory.java:95)
	at com.codeborne.selenide.webdriver.WebDriverFactory.createWebDriver(WebDriverFactory.java:72)
	at com.codeborne.selenide.drivercommands.CreateDriverCommand.lambda$createDriver$0(CreateDriverCommand.java:76)
	at com.codeborne.selenide.logevents.SelenideLogger.get(SelenideLogger.java:118)
	at com.codeborne.selenide.drivercommands.CreateDriverCommand.createDriver(CreateDriverCommand.java:52)
	at com.codeborne.selenide.impl.WebDriverThreadLocalContainer.createDriver(WebDriverThreadLocalContainer.java:186)
	at com.codeborne.selenide.impl.WebDriverThreadLocalContainer.getAndCheckWebDriver(WebDriverThreadLocalContainer.java:155)
	at com.codeborne.selenide.WebDriverRunner.getAndCheckWebDriver(WebDriverRunner.java:130)
	at com.codeborne.selenide.impl.StaticDriver.getAndCheckWebDriver(StaticDriver.java:65)
	at com.codeborne.selenide.SelenideDriver.getAndCheckWebDriver(SelenideDriver.java:220)
	at com.codeborne.selenide.logevents.SelenideLogger.run(SelenideLogger.java:105)
	at com.codeborne.selenide.drivercommands.Navigator.open(Navigator.java:89)
	at com.codeborne.selenide.SelenideDriver.open(SelenideDriver.java:97)
	at com.codeborne.selenide.Selenide.open(Selenide.java:128)
	at tests.TestBase.addListener(TestBase.java:45)
	at java.base/jdk.internal.reflect.NativeMethodAccessorImpl.invoke0(Native Method)
	at java.base/jdk.internal.reflect.NativeMethodAccessorImpl.invoke(NativeMethodAccessorImpl.java:78)
	at java.base/jdk.internal.reflect.DelegatingMethodAccessorImpl.invoke(DelegatingMethodAccessorImpl.java:43)
	at java.base/java.lang.reflect.Method.invoke(Method.java:567)
	at org.junit.platform.commons.util.ReflectionUtils.invokeMethod(ReflectionUtils.java:727)
	at org.junit.jupiter.engine.execution.MethodInvocation.proceed(MethodInvocation.java:60)
	at org.junit.jupiter.engine.execution.InvocationInterceptorChain$ValidatingInvocation.proceed(InvocationInterceptorChain.java:131)
	at io.qameta.allure.junit5.AllureJunit5.processFixture(AllureJunit5.java:138)
	at io.qameta.allure.junit5.AllureJunit5.interceptBeforeEachMethod(AllureJunit5.java:116)
	at org.junit.jupiter.engine.execution.InterceptingExecutableInvoker$ReflectiveInterceptorCall.lambda$ofVoidMethod$0(InterceptingExecutableInvoker.java:103)
	at org.junit.jupiter.engine.execution.InterceptingExecutableInvoker.lambda$invoke$0(InterceptingExecutableInvoker.java:93)
	at org.junit.jupiter.engine.execution.InvocationInterceptorChain$InterceptedInvocation.proceed(InvocationInterceptorChain.java:106)
	at org.junit.jupiter.engine.extension.TimeoutExtension.intercept(TimeoutExtension.java:156)
	at org.junit.jupiter.engine.extension.TimeoutExtension.interceptLifecycleMethod(TimeoutExtension.java:128)
	at org.junit.jupiter.engine.extension.TimeoutExtension.interceptBeforeEachMethod(TimeoutExtension.java:78)
	at org.junit.jupiter.engine.execution.InterceptingExecutableInvoker$ReflectiveInterceptorCall.lambda$ofVoidMethod$0(InterceptingExecutableInvoker.java:103)
	at org.junit.jupiter.engine.execution.InterceptingExecutableInvoker.lambda$invoke$0(InterceptingExecutableInvoker.java:93)
	at org.junit.jupiter.engine.execution.InvocationInterceptorChain$InterceptedInvocation.proceed(InvocationInterceptorChain.java:106)
	at org.junit.jupiter.engine.execution.InvocationInterceptorChain.proceed(InvocationInterceptorChain.java:64)
	at org.junit.jupiter.engine.execution.InvocationInterceptorChain.chainAndInvoke(InvocationInterceptorChain.java:45)
	at org.junit.jupiter.engine.execution.InvocationInterceptorChain.invoke(InvocationInterceptorChain.java:37)
	at org.junit.jupiter.engine.execution.InterceptingExecutableInvoker.invoke(InterceptingExecutableInvoker.java:92)
	at org.junit.jupiter.engine.execution.InterceptingExecutableInvoker.invoke(InterceptingExecutableInvoker.java:86)
	at org.junit.jupiter.engine.descriptor.ClassBasedTestDescriptor.invokeMethodInExtensionContext(ClassBasedTestDescriptor.java:520)
	at org.junit.jupiter.engine.descriptor.ClassBasedTestDescriptor.lambda$synthesizeBeforeEachMethodAdapter$23(ClassBasedTestDescriptor.java:505)
	at org.junit.jupiter.engine.descriptor.TestMethodTestDescriptor.lambda$invokeBeforeEachMethods$3(TestMethodTestDescriptor.java:174)
	at org.junit.jupiter.engine.descriptor.TestMethodTestDescriptor.lambda$invokeBeforeMethodsOrCallbacksUntilExceptionOccurs$6(TestMethodTestDescriptor.java:202)
	at org.junit.platform.engine.support.hierarchical.ThrowableCollector.execute(ThrowableCollector.java:73)
	at org.junit.jupiter.engine.descriptor.TestMethodTestDescriptor.invokeBeforeMethodsOrCallbacksUntilExceptionOccurs(TestMethodTestDescriptor.java:202)
	at org.junit.jupiter.engine.descriptor.TestMethodTestDescriptor.invokeBeforeEachMethods(TestMethodTestDescriptor.java:171)
	at org.junit.jupiter.engine.descriptor.TestMethodTestDescriptor.execute(TestMethodTestDescriptor.java:134)
	at org.junit.jupiter.engine.descriptor.TestMethodTestDescriptor.execute(TestMethodTestDescriptor.java:68)
	at org.junit.platform.engine.support.hierarchical.NodeTestTask.lambda$executeRecursively$6(NodeTestTask.java:151)
	at org.junit.platform.engine.support.hierarchical.ThrowableCollector.execute(ThrowableCollector.java:73)
	at org.junit.platform.engine.support.hierarchical.NodeTestTask.lambda$executeRecursively$8(NodeTestTask.java:141)
	at org.junit.platform.engine.support.hierarchical.Node.around(Node.java:137)
	at org.junit.platform.engine.support.hierarchical.NodeTestTask.lambda$executeRecursively$9(NodeTestTask.java:139)
	at org.junit.platform.engine.support.hierarchical.ThrowableCollector.execute(ThrowableCollector.java:73)
	at org.junit.platform.engine.support.hierarchical.NodeTestTask.executeRecursively(NodeTestTask.java:138)
	at org.junit.platform.engine.support.hierarchical.NodeTestTask.execute(NodeTestTask.java:95)
	at java.base/java.util.ArrayList.forEach(ArrayList.java:1511)
	at org.junit.platform.engine.support.hierarchical.SameThreadHierarchicalTestExecutorService.invokeAll(SameThreadHierarchicalTestExecutorService.java:41)
	at org.junit.platform.engine.support.hierarchical.NodeTestTask.lambda$executeRecursively$6(NodeTestTask.java:155)
	at org.junit.platform.engine.support.hierarchical.ThrowableCollector.execute(ThrowableCollector.java:73)
	at org.junit.platform.engine.support.hierarchical.NodeTestTask.lambda$executeRecursively$8(NodeTestTask.java:141)
	at org.junit.platform.engine.support.hierarchical.Node.around(Node.java:137)
	at org.junit.platform.engine.support.hierarchical.NodeTestTask.lambda$executeRecursively$9(NodeTestTask.java:139)
	at org.junit.platform.engine.support.hierarchical.ThrowableCollector.execute(ThrowableCollector.java:73)
	at org.junit.platform.engine.support.hierarchical.NodeTestTask.executeRecursively(NodeTestTask.java:138)
	at org.junit.platform.engine.support.hierarchical.NodeTestTask.execute(NodeTestTask.java:95)
	at java.base/java.util.ArrayList.forEach(ArrayList.java:1511)
	at org.junit.platform.engine.support.hierarchical.SameThreadHierarchicalTestExecutorService.invokeAll(SameThreadHierarchicalTestExecutorService.java:41)
	at org.junit.platform.engine.support.hierarchical.NodeTestTask.lambda$executeRecursively$6(NodeTestTask.java:155)
	at org.junit.platform.engine.support.hierarchical.ThrowableCollector.execute(ThrowableCollector.java:73)
	at org.junit.platform.engine.support.hierarchical.NodeTestTask.lambda$executeRecursively$8(NodeTestTask.java:141)
	at org.junit.platform.engine.support.hierarchical.Node.around(Node.java:137)
	at org.junit.platform.engine.support.hierarchical.NodeTestTask.lambda$executeRecursively$9(NodeTestTask.java:139)
	at org.junit.platform.engine.support.hierarchical.ThrowableCollector.execute(ThrowableCollector.java:73)
	at org.junit.platform.engine.support.hierarchical.NodeTestTask.executeRecursively(NodeTestTask.java:138)
	at org.junit.platform.engine.support.hierarchical.NodeTestTask.execute(NodeTestTask.java:95)
	at org.junit.platform.engine.support.hierarchical.SameThreadHierarchicalTestExecutorService.submit(SameThreadHierarchicalTestExecutorService.java:35)
	at org.junit.platform.engine.support.hierarchical.HierarchicalTestExecutor.execute(HierarchicalTestExecutor.java:57)
	at org.junit.platform.engine.support.hierarchical.HierarchicalTestEngine.execute(HierarchicalTestEngine.java:54)
	at org.junit.platform.launcher.core.EngineExecutionOrchestrator.execute(EngineExecutionOrchestrator.java:147)
	at org.junit.platform.launcher.core.EngineExecutionOrchestrator.execute(EngineExecutionOrchestrator.java:127)
	at org.junit.platform.launcher.core.EngineExecutionOrchestrator.execute(EngineExecutionOrchestrator.java:90)
	at org.junit.platform.launcher.core.EngineExecutionOrchestrator.lambda$execute$0(EngineExecutionOrchestrator.java:55)
	at org.junit.platform.launcher.core.EngineExecutionOrchestrator.withInterceptedStreams(EngineExecutionOrchestrator.java:102)
	at org.junit.platform.launcher.core.EngineExecutionOrchestrator.execute(EngineExecutionOrchestrator.java:54)
	at org.junit.platform.launcher.core.DefaultLauncher.execute(DefaultLauncher.java:114)
	at org.junit.platform.launcher.core.DefaultLauncher.execute(DefaultLauncher.java:86)
	at org.junit.platform.launcher.core.DefaultLauncherSession$DelegatingLauncher.execute(DefaultLauncherSession.java:86)
	at org.junit.platform.launcher.core.SessionPerRequestLauncher.execute(SessionPerRequestLauncher.java:53)
	at org.gradle.api.internal.tasks.testing.junitplatform.JUnitPlatformTestClassProcessor$CollectAllTestClassesExecutor.processAllTestClasses(JUnitPlatformTestClassProcessor.java:99)
	at org.gradle.api.internal.tasks.testing.junitplatform.JUnitPlatformTestClassProcessor$CollectAllTestClassesExecutor.access$000(JUnitPlatformTestClassProcessor.java:79)
	at org.gradle.api.internal.tasks.testing.junitplatform.JUnitPlatformTestClassProcessor.stop(JUnitPlatformTestClassProcessor.java:75)
	at org.gradle.api.internal.tasks.testing.SuiteTestClassProcessor.stop(SuiteTestClassProcessor.java:61)
	at java.base/jdk.internal.reflect.NativeMethodAccessorImpl.invoke0(Native Method)
	at java.base/jdk.internal.reflect.NativeMethodAccessorImpl.invoke(NativeMethodAccessorImpl.java:78)
	at java.base/jdk.internal.reflect.DelegatingMethodAccessorImpl.invoke(DelegatingMethodAccessorImpl.java:43)
	at java.base/java.lang.reflect.Method.invoke(Method.java:567)
	at org.gradle.internal.dispatch.ReflectionDispatch.dispatch(ReflectionDispatch.java:36)
	at org.gradle.internal.dispatch.ReflectionDispatch.dispatch(ReflectionDispatch.java:24)
	at org.gradle.internal.dispatch.ContextClassLoaderDispatch.dispatch(ContextClassLoaderDispatch.java:33)
	at org.gradle.internal.dispatch.ProxyDispatchAdapter$DispatchingInvocationHandler.invoke(ProxyDispatchAdapter.java:94)
	at jdk.proxy1/jdk.proxy1.$Proxy2.stop(Unknown Source)
	at org.gradle.api.internal.tasks.testing.worker.TestWorker.stop(TestWorker.java:135)
	at java.base/jdk.internal.reflect.NativeMethodAccessorImpl.invoke0(Native Method)
	at java.base/jdk.internal.reflect.NativeMethodAccessorImpl.invoke(NativeMethodAccessorImpl.java:78)
	at java.base/jdk.internal.reflect.DelegatingMethodAccessorImpl.invoke(DelegatingMethodAccessorImpl.java:43)
	at java.base/java.lang.reflect.Method.invoke(Method.java:567)
	at org.gradle.internal.dispatch.ReflectionDispatch.dispatch(ReflectionDispatch.java:36)
	at org.gradle.internal.dispatch.ReflectionDispatch.dispatch(ReflectionDispatch.java:24)
	at org.gradle.internal.remote.internal.hub.MessageHubBackedObjectConnection$DispatchWrapper.dispatch(MessageHubBackedObjectConnection.java:182)
	at org.gradle.internal.remote.internal.hub.MessageHubBackedObjectConnection$DispatchWrapper.dispatch(MessageHubBackedObjectConnection.java:164)
	at org.gradle.internal.remote.internal.hub.MessageHub$Handler.run(MessageHub.java:414)
	at org.gradle.internal.concurrent.ExecutorPolicy$CatchAndRecordFailures.onExecute(ExecutorPolicy.java:64)
	at org.gradle.internal.concurrent.ManagedExecutorImpl$1.run(ManagedExecutorImpl.java:48)
	at java.base/java.util.concurrent.ThreadPoolExecutor.runWorker(ThreadPoolExecutor.java:1130)
	at java.base/java.util.concurrent.ThreadPoolExecutor$Worker.run(ThreadPoolExecutor.java:630)
	at org.gradle.internal.concurrent.ThreadFactoryImpl$ManagedThreadRunnable.run(ThreadFactoryImpl.java:56)
	at java.base/java.lang.Thread.run(Thread.java:831)
Caused by: java.lang.IllegalArgumentException: Cannot decode response content: {&quot;status&quot;:405,&quot;value&quot;:{&quot;message&quot;:&quot;Not implemented yet for pageLoad.&quot;,&quot;sessionId&quot;:&quot;16191f3f757c0f7a4a910b48c9a54a7a31f6c7be&quot;,&quot;capabilities&quot;:{&quot;message&quot;:&quot;Not implemented yet for pageLoad.&quot;,&quot;sessionId&quot;:&quot;16191f3f757c0f7a4a910b48c9a54a7a31f6c7be&quot;}},&quot;sessionId&quot;:&quot;16191f3f757c0f7a4a910b48c9a54a7a31f6c7be&quot;}
	at org.openqa.selenium.remote.codec.AbstractHttpResponseCodec.decode(AbstractHttpResponseCodec.java:86)
	at org.openqa.selenium.remote.codec.AbstractHttpResponseCodec.decode(AbstractHttpResponseCodec.java:47)
	at org.openqa.selenium.remote.HttpCommandExecutor.execute(HttpCommandExecutor.java:184)
	at org.openqa.selenium.remote.TracedCommandExecutor.execute(TracedCommandExecutor.java:51)
	at org.openqa.selenium.remote.RemoteWebDriver.execute(RemoteWebDriver.java:543)
	... 118 more
Caused by: org.openqa.selenium.json.JsonException: Unable to parse: {&quot;status&quot;:405,&quot;value&quot;:{&quot;message&quot;:&quot;Not implemented yet for pageLoad.&quot;,&quot;sessionId&quot;:&quot;16191f3f757c0f7a4a910b48c9a54a7a31f6c7be&quot;,&quot;capabilities&quot;:{&quot;message&quot;:&quot;Not implemented yet for pageLoad.&quot;,&quot;sessionId&quot;:&quot;16191f3f757c0f7a4a910b48c9a54a7a31f6c7be&quot;}},&quot;sessionId&quot;:&quot;16191f3f757c0f7a4a910b48c9a54a7a31f6c7be&quot;}
	at org.openqa.selenium.json.Json.toType(Json.java:57)
	at org.openqa.selenium.json.Json.toType(Json.java:50)
	at org.openqa.selenium.remote.codec.AbstractHttpResponseCodec.decode(AbstractHttpResponseCodec.java:83)
	... 122 more
Caused by: org.openqa.selenium.json.JsonException: Unable to create instance of class org.openqa.selenium.remote.Response
Build info: version: '4.8.1', revision: '8ebccac989'
System info: os.name: 'Windows 10', os.arch: 'amd64', os.version: '10.0', java.version: '16.0.2'
Driver info: driver.version: SelenideDriver
	at org.openqa.selenium.json.StaticInitializerCoercer.lambda$apply$0(StaticInitializerCoercer.java:61)
	at org.openqa.selenium.json.JsonTypeCoercer.lambda$buildCoercer$6(JsonTypeCoercer.java:145)
	at org.openqa.selenium.json.JsonTypeCoercer.coerce(JsonTypeCoercer.java:127)
	at org.openqa.selenium.json.Json.toType(Json.java:71)
	at org.openqa.selenium.json.Json.toType(Json.java:55)
	... 124 more
Caused by: java.lang.reflect.InvocationTargetException
	at jdk.internal.reflect.GeneratedMethodAccessor1.invoke(Unknown Source)
	at java.base/jdk.internal.reflect.DelegatingMethodAccessorImpl.invoke(DelegatingMethodAccessorImpl.java:43)
	at java.base/java.lang.reflect.Method.invoke(Method.java:567)
	at org.openqa.selenium.json.StaticInitializerCoercer.lambda$apply$0(StaticInitializerCoercer.java:59)
	... 128 more
Caused by: java.lang.IllegalArgumentException: expected one element but was: &lt;unknown method, unsupported operation&gt;
	at com.google.common.collect.Iterators.getOnlyElement(Iterators.java:323)
	at com.google.common.collect.Iterators.getOnlyElement(Iterators.java:336)
	at com.google.common.collect.Iterables.getOnlyElement(Iterables.java:278)
	at org.openqa.selenium.remote.ErrorCodes.toState(ErrorCodes.java:181)
	at org.openqa.selenium.remote.Response.fromJson(Response.java:118)
	... 132 more
[Test worker] INFO com.codeborne.selenide.webdriver.WebDriverFactory - BrowserName= Version= Platform=ANDROID
[Test worker] INFO com.codeborne.selenide.webdriver.WebDriverFactory - Selenide v. 6.12.3
[Test worker] INFO com.codeborne.selenide.webdriver.WebDriverFactory - Selenium WebDriver v. 4.8.1 build revision: 8ebccac989
[Test worker] INFO com.codeborne.selenide.drivercommands.CreateDriverCommand - Created webdriver in thread 16: RemoteWebDriver -&gt; RemoteWebDriver:  on ANDROID (16191f3f757c0f7a4a910b48c9a54a7a31f6c7be)
[Test worker] INFO com.codeborne.selenide.drivercommands.DisposablesRegistry - Register WebDriverInstance[config=StaticConfig,webDriver=RemoteWebDriver:  on ANDROID (16191f3f757c0f7a4a910b48c9a54a7a31f6c7be),proxy=null,downloadsFolder=C:\Users\Artem\Desktop\guru_mobile-master\build\downloads\1682276755232_2844_16] in 16 [size=1]
[Test worker] INFO com.codeborne.selenide.impl.FileHelper - Deleted empty folder: C:\Users\Artem\Desktop\guru_mobile-master\build\downloads\1682276755232_2844_16
[Test worker] INFO com.codeborne.selenide.drivercommands.CloseDriverCommand - Close webdriver: 16 -&gt; RemoteWebDriver:  on ANDROID (16191f3f757c0f7a4a910b48c9a54a7a31f6c7be)...
[Test worker] INFO com.codeborne.selenide.drivercommands.CloseDriverCommand - Closed webdriver 16 in 768 ms
[Test worker] INFO com.codeborne.selenide.drivercommands.DisposablesRegistry - Unregister WebDriverInstance[config=StaticConfig,webDriver=RemoteWebDriver:  on ANDROID (null),proxy=null,downloadsFolder=C:\Users\Artem\Desktop\guru_mobile-master\build\downloads\1682276755232_2844_16] in 16 [size=0]
</pre>
</span>
</div>
</div>
<div id="footer">
<p>
<div>
<label class="hidden" id="label-for-line-wrapping-toggle" for="line-wrapping-toggle">Wrap lines
<input id="line-wrapping-toggle" type="checkbox" autocomplete="off"/>
</label>
</div>Generated by 
<a href="http://www.gradle.org">Gradle 7.1</a> at 23 апр. 2023 г., 22:06:45</p>
</div>
</div>
</body>
</html>
